#
# There is insufficient memory for the Java Runtime Environment to continue.
# Native memory allocation (malloc) failed to allocate 2097152 bytes for AllocateHeap
# Possible reasons:
#   The system is out of physical RAM or swap space
#   The process is running with CompressedOops enabled, and the Java Heap may be blocking the growth of the native heap
# Possible solutions:
#   Reduce memory load on the system
#   Increase physical memory or swap space
#   Check if swap backing store is full
#   Decrease Java heap size (-Xmx/-Xms)
#   Decrease number of Java threads
#   Decrease Java thread stack sizes (-Xss)
#   Set larger code cache with -XX:ReservedCodeCacheSize=
#   JVM is running with Zero Based Compressed Oops mode in which the Java heap is
#     placed in the first 32GB address space. The Java Heap base address is the
#     maximum limit for the native heap growth. Please use -XX:HeapBaseMinAddress
#     to set the Java Heap base and to place the Java Heap above 32GB virtual address.
# This output file may be truncated or incomplete.
#
#  Out of Memory Error (allocation.cpp:44), pid=6452, tid=13300
#
# JRE version: Java(TM) SE Runtime Environment (18.0.1.1+2) (build 18.0.1.1+2-6)
# Java VM: Java HotSpot(TM) 64-Bit Server VM (18.0.1.1+2-6, mixed mode, sharing, tiered, compressed oops, compressed class ptrs, g1 gc, windows-amd64)
# No core dump will be written. Minidumps are not enabled by default on client versions of Windows
#

---------------  S U M M A R Y ------------

Command Line: -Dfile.encoding=UTF-8 -XX:+ShowCodeDetailsInExceptionMessages com.open.picom.PicomApplication

Host: Intel(R) Core(TM) i5-6300HQ CPU @ 2.30GHz, 4 cores, 11G,  Windows 10 , 64 bit Build 19041 (10.0.19041.1889)
Time: Mon Aug 29 18:14:47 2022 Paris, Madrid (heure duild 19041 (10.0.19041.1889) elapsed time: 2108.164794 seconds (0d 0h 35m 8s)

---------------  T H R E A D  ---------------

Current thread (0x0000020ba6ae10d0):  VMThread "VM Thread" [stack: 0x000000b530a00000,0x000000b530b00000] [id=13300]

Stack: [0x000000b530a00000,0x000000b530b00000]
Native frames: (J=compiled Java code, j=interpreted, Vv=VM code, C=native code)
V  [jvm.dll+0x69887a]
V  [jvm.dll+0x7f38bd]
V  [jvm.dll+0x7f51ce]
V  [jvm.dll+0x7f5883]
V  [jvm.dll+0x25ca3f]
V  [jvm.dll+0xb31af]
V  [jvm.dll+0x312f3e]
V  [jvm.dll+0x30eb50]
V  [jvm.dll+0x2f9742]
V  [jvm.dll+0x33be77]
V  [jvm.dll+0x7fa66b]
V  [jvm.dll+0x7fb404]
V  [jvm.dll+0x7fb93c]
V  [jvm.dll+0x7fbd94]
V  [jvm.dll+0x7fbe57]
V  [jvm.dll+0x7a03ea]
V  [jvm.dll+0x697725]
C  [ucrtbase.dll+0x21bb2]
C  [KERNEL32.DLL+0x17034]
C  [ntdll.dll+0x52651]

VM_Operation (0x000000b5302ff1e0): G1CollectFull, mode: safepoint, requested by thread 0x0000020baf6c7950


---------------  P R O C E S S  ---------------

Threads class SMR info:
_java_thread_list=0x0000020baf9d3140, length=15, elements={
0x0000020ba6ae6ea0, 0x0000020ba6ae7750, 0x0000020ba6afbd90, 0x0000020ba6afc640,
0x0000020ba6afcef0, 0x0000020ba6afd8e0, 0x0000020ba6afe4c0, 0x0000020ba6b1be50,
0x0000020ba6b7aee0, 0x0000020baadb6820, 0x0000020baadbad40, 0x0000020bab41fd00,
0x0000020bb00f5630, 0x0000020bb00f94c0, 0x0000020baf6c7950
}

Java Threads: ( => current thread )
  0x0000020ba6ae6ea0 JavaThread "Reference Handler" daemon [_thread_blocked, id=11112, stack(0x000000b530b00000,0x000000b530c00000)]
  0x0000020ba6ae7750 JavaThread "Finalizer" daemon [_thread_blocked, id=18324, stack(0x000000b530c00000,0x000000b530d00000)]
  0x0000020ba6afbd90 JavaThread "Signal Dispatcher" daemon [_thread_blocked, id=15140, stack(0x000000b530d00000,0x000000b530e00000)]
  0x0000020ba6afc640 JavaThread "Attach Listener" daemon [_thread_blocked, id=14616, stack(0x000000b530e00000,0x000000b530f00000)]
  0x0000020ba6afcef0 JavaThread "Service Thread" daemon [_thread_blocked, id=17588, stack(0x000000b530f00000,0x000000b531000000)]
  0x0000020ba6afd8e0 JavaThread "Monitor Deflation Thread" daemon [_thread_blocked, id=13908, stack(0x000000b531000000,0x000000b531100000)]
  0x0000020ba6afe4c0 JavaThread "C2 CompilerThread0" daemon [_thread_blocked, id=16980, stack(0x000000b531100000,0x000000b531200000)]
  0x0000020ba6b1be50 JavaThread "C1 CompilerThread0" daemon [_thread_blocked, id=2900, stack(0x000000b531200000,0x000000b531300000)]
  0x0000020ba6b7aee0 JavaThread "Sweeper thread" daemon [_thread_blocked, id=15112, stack(0x000000b531300000,0x000000b531400000)]
  0x0000020baadb6820 JavaThread "Notification Thread" daemon [_thread_blocked, id=14732, stack(0x000000b531400000,0x000000b531500000)]
  0x0000020baadbad40 JavaThread "Common-Cleaner" daemon [_thread_blocked, id=17780, stack(0x000000b531600000,0x000000b531700000)]
  0x0000020bab41fd00 JavaThread "Live Reload Server" daemon [_thread_in_native, id=17080, stack(0x000000b532400000,0x000000b532500000)]
  0x0000020bb00f5630 JavaThread "DestroyJavaVM" [_thread_blocked, id=15236, stack(0x000000b530400000,0x000000b530500000)]
  0x0000020bb00f94c0 JavaThread "File Watcher" daemon [_thread_blocked, id=964, stack(0x000000b531e00000,0x000000b531f00000)]
  0x0000020baf6c7950 JavaThread "Thread-83" [_thread_blocked, id=2948, stack(0x000000b530200000,0x000000b530300000)]

Other Threads:
=>0x0000020ba6ae10d0 VMThread "VM Thread" [stack: 0x000000b530a00000,0x000000b530b00000] [id=13300]
  0x0000020baadb70f0 WatcherThread "VM Periodic Task Thread" [stack: 0x000000b531500000,0x000000b531600000] [id=17240]
  0x0000020b86d218e0 WorkerThread "GC Thread#0" [stack: 0x000000b530500000,0x000000b530600000] [id=8116]
  0x0000020bab4089f0 WorkerThread "GC Thread#1" [stack: 0x000000b531800000,0x000000b531900000] [id=6020]
  0x0000020bab3c7f50 WorkerThread "GC Thread#2" [stack: 0x000000b531900000,0x000000b531a00000] [id=17076]
  0x0000020bab3b9390 WorkerThread "GC Thread#3" [stack: 0x000000b531a00000,0x000000b531b00000] [id=15760]
  0x0000020b86d30bd0 ConcurrentGCThread "G1 Main Marker" [stack: 0x000000b530600000,0x000000b530700000] [id=3788]
  0x0000020b86d31370 WorkerThread "G1 Conc#0" [stack: 0x000000b530700000,0x000000b530800000] [id=17908]
  0x0000020b86d682f0 ConcurrentGCThread "G1 Refine#0" [stack: 0x000000b530800000,0x000000b530900000] [id=1992]
  0x0000020bab3207a0 ConcurrentGCThread "G1 Refine#1" [stack: 0x000000b531b00000,0x000000b531c00000] [id=18232]
  0x0000020b86d689b0 ConcurrentGCThread "G1 Service" [stack: 0x000000b530900000,0x000000b530a00000] [id=18188]

Threads with active compile tasks:
C2 CompilerThread0  2108218 22174 % !   4       java.util.concurrent.ConcurrentHashMap::clear @ 10 (176 bytes)

VM state: at safepoint (normal execution)

VM Mutex/Monitor currently owned by a thread:  ([mutex/lock_event])
[0x0000020b86cc43c0] Threads_lock - owner thread: 0x0000020ba6ae10d0
[0x0000020b86cc39a0] Heap_lock - owner thread: 0x0000020baf6c7950

Heap address: 0x0000000742800000, size: 3032 MB, Compressed Oops mode: Zero based, Oop shift amount: 3

CDS archive(s) mapped at: [0x0000000800000000-0x0000000800ba0000-0x0000000800ba0000), size 12189696, SharedBaseAddress: 0x0000000800000000, ArchiveRelocationMode: 0.
Compressed class space mapped at: 0x0000000800c00000-0x0000000840c00000, reserved size: 1073741824
Narrow klass base: 0x0000000800000000, Narrow klass shift: 0, Narrow klass range: 0x100000000

GC Precious Log:
 CardTable entry size: 512
 Card Set container configuration: InlinePtr #cards 4 size 8 Array Of Cards #cards 16 size 48 Howl #buckets 8 coarsen threshold 3686 Howl Bitmap #cards 512 size 80 coarsen threshold 460 Card regions per heap region 1 cards per card region 4096
 CPUs: 4 total, 4 available
 Memory: 12126M
 Large Page Support: Disabled
 NUMA Support: Disabled
 Compressed Oops: Enabled (Zero based)
 Heap Region Size: 2M
 Heap Min Capacity: 8M
 Heap Initial Capacity: 190M
 Heap Max Capacity: 3032M
 Pre-touch: Disabled
 Parallel Workers: 4
 Concurrent Workers: 1
 Concurrent Refinement Workers: 4
 Periodic GC: Disabled

Heap:
 garbage-first heap   total 237568K, used 117566K [0x0000000742800000, 0x0000000800000000)
  region size 2048K, 10 young (20480K), 2 survivors (4096K)
 Metaspace       used 97381K, committed 99136K, reserved 1179648K
  class space    used 10914K, committed 11840K, reserved 1048576K

Heap Regions: E=young(eden), S=young(survivor), O=old, HS=humongous(starts), HC=humongous(continues), CS=collection set, F=free, OA=open archive, CA=closed archive, TAMS=top-at-mark-start (previous, next)
|   0|0x0000000742800000, 0x0000000742a00000, 0x0000000742a00000|100%| O|  |TAMS 0x0000000742a00000, 0x0000000742800000| Untracked 
|   1|0x0000000742a00000, 0x0000000742c00000, 0x0000000742c00000|100%| O|  |TAMS 0x0000000742c00000, 0x0000000742a00000| Untracked 
|   2|0x0000000742c00000, 0x0000000742dfffe0, 0x0000000742e00000| 99%| O|  |TAMS 0x0000000742dfffe0, 0x0000000742c00000| Untracked 
|   3|0x0000000742e00000, 0x0000000742fffff8, 0x0000000743000000| 99%| O|  |TAMS 0x0000000742fffff8, 0x0000000742e00000| Untracked 
|   4|0x0000000743000000, 0x00000007431fffd0, 0x0000000743200000| 99%| O|  |TAMS 0x00000007431fffd0, 0x0000000743000000| Untracked 
|   5|0x0000000743200000, 0x0000000743400000, 0x0000000743400000|100%| O|  |TAMS 0x0000000743400000, 0x0000000743200000| Untracked 
|   6|0x0000000743400000, 0x00000007435fffb0, 0x0000000743600000| 99%| O|  |TAMS 0x00000007435fffb0, 0x0000000743400000| Untracked 
|   7|0x0000000743600000, 0x00000007437ffe78, 0x0000000743800000| 99%| O|  |TAMS 0x00000007437ffe78, 0x0000000743600000| Untracked 
|   8|0x0000000743800000, 0x00000007439ffff0, 0x0000000743a00000| 99%| O|  |TAMS 0x00000007439ffff0, 0x0000000743800000| Untracked 
|   9|0x0000000743a00000, 0x0000000743bffff0, 0x0000000743c00000| 99%| O|  |TAMS 0x0000000743bffff0, 0x0000000743a00000| Untracked 
|  10|0x0000000743c00000, 0x0000000743dfffd8, 0x0000000743e00000| 99%| O|  |TAMS 0x0000000743dfffd8, 0x0000000743c00000| Untracked 
|  11|0x0000000743e00000, 0x0000000744000000, 0x0000000744000000|100%| O|  |TAMS 0x0000000744000000, 0x0000000743e00000| Untracked 
|  12|0x0000000744000000, 0x00000007441ffff0, 0x0000000744200000| 99%| O|  |TAMS 0x00000007441ffff0, 0x0000000744000000| Untracked 
|  13|0x0000000744200000, 0x00000007443ffff8, 0x0000000744400000| 99%| O|  |TAMS 0x00000007443ffff8, 0x0000000744200000| Untracked 
|  14|0x0000000744400000, 0x00000007445ffff8, 0x0000000744600000| 99%| O|  |TAMS 0x00000007445ffff8, 0x0000000744400000| Untracked 
|  15|0x0000000744600000, 0x00000007447ffff0, 0x0000000744800000| 99%| O|  |TAMS 0x00000007447ffff0, 0x0000000744600000| Untracked 
|  16|0x0000000744800000, 0x00000007449ffff0, 0x0000000744a00000| 99%| O|  |TAMS 0x00000007449ffff0, 0x0000000744800000| Untracked 
|  17|0x0000000744a00000, 0x0000000744bfff58, 0x0000000744c00000| 99%| O|  |TAMS 0x0000000744bfff58, 0x0000000744a00000| Untracked 
|  18|0x0000000744c00000, 0x0000000744dfffe8, 0x0000000744e00000| 99%| O|  |TAMS 0x0000000744dfffe8, 0x0000000744c00000| Untracked 
|  19|0x0000000744e00000, 0x0000000745000000, 0x0000000745000000|100%| O|  |TAMS 0x0000000745000000, 0x0000000744e00000| Untracked 
|  20|0x0000000745000000, 0x00000007451ffff8, 0x0000000745200000| 99%| O|  |TAMS 0x00000007451ffff8, 0x0000000745000000| Untracked 
|  21|0x0000000745200000, 0x00000007453fffd8, 0x0000000745400000| 99%| O|  |TAMS 0x00000007453fffd8, 0x0000000745200000| Untracked 
|  22|0x0000000745400000, 0x00000007455fffd8, 0x0000000745600000| 99%| O|  |TAMS 0x00000007455fffd8, 0x0000000745400000| Untracked 
|  23|0x0000000745600000, 0x0000000745800000, 0x0000000745800000|100%| O|  |TAMS 0x0000000745800000, 0x0000000745600000| Untracked 
|  24|0x0000000745800000, 0x00000007459ffff8, 0x0000000745a00000| 99%| O|  |TAMS 0x00000007459ffff8, 0x0000000745800000| Untracked 
|  25|0x0000000745a00000, 0x0000000745bfffd0, 0x0000000745c00000| 99%| O|  |TAMS 0x0000000745bfffd0, 0x0000000745a00000| Untracked 
|  26|0x0000000745c00000, 0x0000000745dfffe8, 0x0000000745e00000| 99%| O|  |TAMS 0x0000000745dfffe8, 0x0000000745c00000| Untracked 
|  27|0x0000000745e00000, 0x0000000745fffff8, 0x0000000746000000| 99%| O|  |TAMS 0x0000000745fffff8, 0x0000000745e00000| Untracked 
|  28|0x0000000746000000, 0x00000007461fffe0, 0x0000000746200000| 99%| O|  |TAMS 0x00000007461fffe0, 0x0000000746000000| Untracked 
|  29|0x0000000746200000, 0x00000007463ffff8, 0x0000000746400000| 99%| O|  |TAMS 0x00000007463ffff8, 0x0000000746200000| Untracked 
|  30|0x0000000746400000, 0x00000007465f9f28, 0x0000000746600000| 98%| O|  |TAMS 0x00000007465f9f28, 0x0000000746400000| Untracked 
|  31|0x0000000746600000, 0x00000007467fffe0, 0x0000000746800000| 99%| O|  |TAMS 0x00000007467fffe0, 0x0000000746600000| Untracked 
|  32|0x0000000746800000, 0x00000007469fcd08, 0x0000000746a00000| 99%| O|  |TAMS 0x00000007469fcd08, 0x0000000746800000| Untracked 
|  33|0x0000000746a00000, 0x0000000746c00000, 0x0000000746c00000|100%| O|  |TAMS 0x0000000746c00000, 0x0000000746a00000| Untracked 
|  34|0x0000000746c00000, 0x0000000746dfffe0, 0x0000000746e00000| 99%| O|  |TAMS 0x0000000746dfffe0, 0x0000000746c00000| Untracked 
|  35|0x0000000746e00000, 0x0000000746fffff0, 0x0000000747000000| 99%| O|  |TAMS 0x0000000746fffff0, 0x0000000746e00000| Untracked 
|  36|0x0000000747000000, 0x00000007471fffe8, 0x0000000747200000| 99%| O|  |TAMS 0x00000007471fffe8, 0x0000000747000000| Untracked 
|  37|0x0000000747200000, 0x00000007473fff70, 0x0000000747400000| 99%| O|  |TAMS 0x00000007473fff70, 0x0000000747200000| Untracked 
|  38|0x0000000747400000, 0x00000007475ff280, 0x0000000747600000| 99%| O|  |TAMS 0x00000007475ff280, 0x0000000747400000| Untracked 
|  39|0x0000000747600000, 0x00000007477f0640, 0x0000000747800000| 96%| O|  |TAMS 0x00000007477f0640, 0x0000000747600000| Untracked 
|  40|0x0000000747800000, 0x00000007479fff98, 0x0000000747a00000| 99%| O|  |TAMS 0x00000007479fff98, 0x0000000747800000| Untracked 
|  41|0x0000000747a00000, 0x0000000747bffff8, 0x0000000747c00000| 99%| O|  |TAMS 0x0000000747bffff8, 0x0000000747a00000| Untracked 
|  42|0x0000000747c00000, 0x0000000747db61e0, 0x0000000747e00000| 85%| O|  |TAMS 0x0000000747c00000, 0x0000000747c00000| Untracked 
|  43|0x0000000747e00000, 0x0000000748000000, 0x0000000748000000|100%| O|  |TAMS 0x0000000748000000, 0x0000000747e00000| Untracked 
|  44|0x0000000748000000, 0x000000074815f638, 0x0000000748200000| 68%| O|  |TAMS 0x0000000748000000, 0x0000000748000000| Untracked 
|  45|0x0000000748200000, 0x00000007483a68e0, 0x0000000748400000| 82%| O|  |TAMS 0x0000000748200000, 0x0000000748200000| Untracked 
|  46|0x0000000748400000, 0x0000000748600000, 0x0000000748600000|100%| O|  |TAMS 0x0000000748400000, 0x0000000748400000| Untracked 
|  47|0x0000000748600000, 0x0000000748800000, 0x0000000748800000|100%| O|  |TAMS 0x0000000748600000, 0x0000000748600000| Untracked 
|  48|0x0000000748800000, 0x0000000748a00000, 0x0000000748a00000|100%| O|  |TAMS 0x0000000748800000, 0x0000000748800000| Untracked 
|  49|0x0000000748a00000, 0x0000000748b6b000, 0x0000000748c00000| 70%| O|  |TAMS 0x0000000748a00000, 0x0000000748a00000| Untracked 
|  50|0x0000000748c00000, 0x0000000748c00000, 0x0000000748e00000|  0%| F|  |TAMS 0x0000000748c00000, 0x0000000748c00000| Untracked 
|  51|0x0000000748e00000, 0x0000000748e00000, 0x0000000749000000|  0%| F|  |TAMS 0x0000000748e00000, 0x0000000748e00000| Untracked 
|  52|0x0000000749000000, 0x0000000749000000, 0x0000000749200000|  0%| F|  |TAMS 0x0000000749000000, 0x0000000749000000| Untracked 
|  53|0x0000000749200000, 0x0000000749200000, 0x0000000749400000|  0%| F|  |TAMS 0x0000000749200000, 0x0000000749200000| Untracked 
|  54|0x0000000749400000, 0x0000000749400000, 0x0000000749600000|  0%| F|  |TAMS 0x0000000749400000, 0x0000000749400000| Untracked 
|  55|0x0000000749600000, 0x0000000749600000, 0x0000000749800000|  0%| F|  |TAMS 0x0000000749600000, 0x0000000749600000| Untracked 
|  56|0x0000000749800000, 0x0000000749800000, 0x0000000749a00000|  0%| F|  |TAMS 0x0000000749800000, 0x0000000749800000| Untracked 
|  57|0x0000000749a00000, 0x0000000749a00000, 0x0000000749c00000|  0%| F|  |TAMS 0x0000000749a00000, 0x0000000749a00000| Untracked 
|  58|0x0000000749c00000, 0x0000000749c00000, 0x0000000749e00000|  0%| F|  |TAMS 0x0000000749c00000, 0x0000000749c00000| Untracked 
|  59|0x0000000749e00000, 0x0000000749e00000, 0x000000074a000000|  0%| F|  |TAMS 0x0000000749e00000, 0x0000000749e00000| Untracked 
|  60|0x000000074a000000, 0x000000074a000000, 0x000000074a200000|  0%| F|  |TAMS 0x000000074a000000, 0x000000074a000000| Untracked 
|  61|0x000000074a200000, 0x000000074a200000, 0x000000074a400000|  0%| F|  |TAMS 0x000000074a200000, 0x000000074a200000| Untracked 
|  62|0x000000074a400000, 0x000000074a400000, 0x000000074a600000|  0%| F|  |TAMS 0x000000074a400000, 0x000000074a400000| Untracked 
|  63|0x000000074a600000, 0x000000074a600000, 0x000000074a800000|  0%| F|  |TAMS 0x000000074a600000, 0x000000074a600000| Untracked 
|  64|0x000000074a800000, 0x000000074a800000, 0x000000074aa00000|  0%| F|  |TAMS 0x000000074a800000, 0x000000074a800000| Untracked 
|  65|0x000000074aa00000, 0x000000074aa00000, 0x000000074ac00000|  0%| F|  |TAMS 0x000000074aa00000, 0x000000074aa00000| Untracked 
|  66|0x000000074ac00000, 0x000000074ac00000, 0x000000074ae00000|  0%| F|  |TAMS 0x000000074ac00000, 0x000000074ac00000| Untracked 
|  67|0x000000074ae00000, 0x000000074ae00000, 0x000000074b000000|  0%| F|  |TAMS 0x000000074ae00000, 0x000000074ae00000| Untracked 
|  68|0x000000074b000000, 0x000000074b000000, 0x000000074b200000|  0%| F|  |TAMS 0x000000074b000000, 0x000000074b000000| Untracked 
|  69|0x000000074b200000, 0x000000074b26fea8, 0x000000074b400000| 21%| O|  |TAMS 0x000000074b200000, 0x000000074b200000| Untracked 
|  70|0x000000074b400000, 0x000000074b400000, 0x000000074b600000|  0%| F|  |TAMS 0x000000074b400000, 0x000000074b400000| Untracked 
|  71|0x000000074b600000, 0x000000074b600000, 0x000000074b800000|  0%| F|  |TAMS 0x000000074b600000, 0x000000074b600000| Untracked 
|  72|0x000000074b800000, 0x000000074b800000, 0x000000074ba00000|  0%| F|  |TAMS 0x000000074b800000, 0x000000074b800000| Untracked 
|  73|0x000000074ba00000, 0x000000074ba00000, 0x000000074bc00000|  0%| F|  |TAMS 0x000000074ba00000, 0x000000074ba00000| Untracked 
|  74|0x000000074bc00000, 0x000000074bc52968, 0x000000074be00000| 16%| S|CS|TAMS 0x000000074bc00000, 0x000000074bc00000| Complete 
|  75|0x000000074be00000, 0x000000074c000000, 0x000000074c000000|100%| S|CS|TAMS 0x000000074be00000, 0x000000074be00000| Complete 
|  76|0x000000074c000000, 0x000000074c000000, 0x000000074c200000|  0%| F|  |TAMS 0x000000074c000000, 0x000000074c000000| Untracked 
|  77|0x000000074c200000, 0x000000074c200000, 0x000000074c400000|  0%| F|  |TAMS 0x000000074c200000, 0x000000074c200000| Untracked 
|  78|0x000000074c400000, 0x000000074c400000, 0x000000074c600000|  0%| F|  |TAMS 0x000000074c400000, 0x000000074c400000| Untracked 
|  79|0x000000074c600000, 0x000000074c600000, 0x000000074c800000|  0%| F|  |TAMS 0x000000074c600000, 0x000000074c600000| Untracked 
|  80|0x000000074c800000, 0x000000074c800000, 0x000000074ca00000|  0%| F|  |TAMS 0x000000074c800000, 0x000000074c800000| Untracked 
|  81|0x000000074ca00000, 0x000000074ca00000, 0x000000074cc00000|  0%| F|  |TAMS 0x000000074ca00000, 0x000000074ca00000| Untracked 
|  82|0x000000074cc00000, 0x000000074cc00000, 0x000000074ce00000|  0%| F|  |TAMS 0x000000074cc00000, 0x000000074cc00000| Untracked 
|  83|0x000000074ce00000, 0x000000074ce00000, 0x000000074d000000|  0%| F|  |TAMS 0x000000074ce00000, 0x000000074ce00000| Untracked 
|  84|0x000000074d000000, 0x000000074d000000, 0x000000074d200000|  0%| F|  |TAMS 0x000000074d000000, 0x000000074d000000| Untracked 
|  85|0x000000074d200000, 0x000000074d200000, 0x000000074d400000|  0%| F|  |TAMS 0x000000074d200000, 0x000000074d200000| Untracked 
|  86|0x000000074d400000, 0x000000074d400000, 0x000000074d600000|  0%| F|  |TAMS 0x000000074d400000, 0x000000074d400000| Untracked 
|  87|0x000000074d600000, 0x000000074d600000, 0x000000074d800000|  0%| F|  |TAMS 0x000000074d600000, 0x000000074d600000| Untracked 
|  88|0x000000074d800000, 0x000000074d800000, 0x000000074da00000|  0%| F|  |TAMS 0x000000074d800000, 0x000000074d800000| Untracked 
|  89|0x000000074da00000, 0x000000074da00000, 0x000000074dc00000|  0%| F|  |TAMS 0x000000074da00000, 0x000000074da00000| Untracked 
|  90|0x000000074dc00000, 0x000000074dc00000, 0x000000074de00000|  0%| F|  |TAMS 0x000000074dc00000, 0x000000074dc00000| Untracked 
|  91|0x000000074de00000, 0x000000074de00000, 0x000000074e000000|  0%| F|  |TAMS 0x000000074de00000, 0x000000074de00000| Untracked 
|  92|0x000000074e000000, 0x000000074e000000, 0x000000074e200000|  0%| F|  |TAMS 0x000000074e000000, 0x000000074e000000| Untracked 
|  93|0x000000074e200000, 0x000000074e200000, 0x000000074e400000|  0%| F|  |TAMS 0x000000074e200000, 0x000000074e200000| Untracked 
|  94|0x000000074e400000, 0x000000074e400000, 0x000000074e600000|  0%| F|  |TAMS 0x000000074e400000, 0x000000074e400000| Untracked 
|  95|0x000000074e600000, 0x000000074e600000, 0x000000074e800000|  0%| F|  |TAMS 0x000000074e600000, 0x000000074e600000| Untracked 
|  96|0x000000074e800000, 0x000000074e800000, 0x000000074ea00000|  0%| F|  |TAMS 0x000000074e800000, 0x000000074e800000| Untracked 
|  97|0x000000074ea00000, 0x000000074ea00000, 0x000000074ec00000|  0%| F|  |TAMS 0x000000074ea00000, 0x000000074ea00000| Untracked 
|  98|0x000000074ec00000, 0x000000074ec00000, 0x000000074ee00000|  0%| F|  |TAMS 0x000000074ec00000, 0x000000074ec00000| Untracked 
|  99|0x000000074ee00000, 0x000000074ee00000, 0x000000074f000000|  0%| F|  |TAMS 0x000000074ee00000, 0x000000074ee00000| Untracked 
| 100|0x000000074f000000, 0x000000074f000000, 0x000000074f200000|  0%| F|  |TAMS 0x000000074f000000, 0x000000074f000000| Untracked 
| 101|0x000000074f200000, 0x000000074f200000, 0x000000074f400000|  0%| F|  |TAMS 0x000000074f200000, 0x000000074f200000| Untracked 
| 102|0x000000074f400000, 0x000000074f400000, 0x000000074f600000|  0%| F|  |TAMS 0x000000074f400000, 0x000000074f400000| Untracked 
| 103|0x000000074f600000, 0x000000074f600000, 0x000000074f800000|  0%| F|  |TAMS 0x000000074f600000, 0x000000074f600000| Untracked 
| 104|0x000000074f800000, 0x000000074f800000, 0x000000074fa00000|  0%| F|  |TAMS 0x000000074f800000, 0x000000074f800000| Untracked 
| 105|0x000000074fa00000, 0x000000074fa00000, 0x000000074fc00000|  0%| F|  |TAMS 0x000000074fa00000, 0x000000074fa00000| Untracked 
| 106|0x000000074fc00000, 0x000000074fc00000, 0x000000074fe00000|  0%| F|  |TAMS 0x000000074fc00000, 0x000000074fc00000| Untracked 
| 107|0x000000074fe00000, 0x000000074fe00000, 0x0000000750000000|  0%| F|  |TAMS 0x000000074fe00000, 0x000000074fe00000| Untracked 
| 108|0x0000000750000000, 0x0000000750200000, 0x0000000750200000|100%| E|  |TAMS 0x0000000750000000, 0x0000000750000000| Complete 
| 109|0x0000000750200000, 0x0000000750400000, 0x0000000750400000|100%| E|CS|TAMS 0x0000000750200000, 0x0000000750200000| Complete 
| 110|0x0000000750400000, 0x0000000750600000, 0x0000000750600000|100%| E|CS|TAMS 0x0000000750400000, 0x0000000750400000| Complete 
| 111|0x0000000750600000, 0x0000000750800000, 0x0000000750800000|100%| E|CS|TAMS 0x0000000750600000, 0x0000000750600000| Complete 
| 112|0x0000000750800000, 0x0000000750a00000, 0x0000000750a00000|100%| E|CS|TAMS 0x0000000750800000, 0x0000000750800000| Complete 
| 113|0x0000000750a00000, 0x0000000750c00000, 0x0000000750c00000|100%| E|CS|TAMS 0x0000000750a00000, 0x0000000750a00000| Complete 
| 114|0x0000000750c00000, 0x0000000750e00000, 0x0000000750e00000|100%| E|CS|TAMS 0x0000000750c00000, 0x0000000750c00000| Complete 
| 115|0x0000000750e00000, 0x0000000751000000, 0x0000000751000000|100%| E|CS|TAMS 0x0000000750e00000, 0x0000000750e00000| Complete 

Card table byte_map: [0x0000020b9dbe0000,0x0000020b9e1d0000] _byte_map_base: 0x0000020b9a1cc000

Marking Bits (Prev, Next): (CMBitMap*) 0x0000020b86d23cb0, (CMBitMap*) 0x0000020b86d23cf0
 Prev Bits: [0x0000020b9e7c0000, 0x0000020ba1720000)
 Next Bits: [0x0000020ba1720000, 0x0000020ba4680000)

Polling page: 0x0000020b84b80000

Metaspace:

Usage:
  Non-class:     84.44 MB used.
      Class:     10.66 MB used.
       Both:     95.10 MB used.

Virtual space:
  Non-class space:      128.00 MB reserved,      85.25 MB ( 67%) committed,  2 nodes.
      Class space:        1.00 GB reserved,      11.56 MB (  1%) committed,  1 nodes.
             Both:        1.12 GB reserved,      96.81 MB (  8%) committed. 

Chunk freelists:
   Non-Class:  1.89 MB
       Class:  364.00 KB
        Both:  2.24 MB

MaxMetaspaceSize: unlimited
CompressedClassSpaceSize: 1.00 GB
Initial GC threshold: 21.00 MB
Current GC threshold: 159.69 MB
CDS: on
MetaspaceReclaimPolicy: balanced
 - commit_granule_bytes: 65536.
 - commit_granule_words: 8192.
 - virtual_space_node_default_size: 8388608.
 - enlarge_chunks_in_place: 1.
 - new_chunks_are_fully_committed: 0.
 - uncommit_free_chunks: 1.
 - use_allocation_guard: 0.


Internal statistics:

num_allocs_failed_limit: 12.
num_arena_births: 3006.
num_arena_deaths: 158.
num_vsnodes_births: 3.
num_vsnodes_deaths: 0.
num_space_committed: 1549.
num_space_uncommitted: 0.
num_chunks_returned_to_freelist: 249.
num_chunks_taken_from_freelist: 7937.
num_chunk_merges: 51.
num_chunk_splits: 4887.
num_chunks_enlarged: 3033.
num_inconsistent_stats: 0.

CodeHeap 'non-profiled nmethods': size=120000Kb used=16502Kb max_used=16502Kb free=103497Kb
 bounds [0x0000020b960c0000, 0x0000020b970e0000, 0x0000020b9d5f0000]
CodeHeap 'profiled nmethods': size=120000Kb used=38596Kb max_used=40692Kb free=81403Kb
 bounds [0x0000020b8eb90000, 0x0000020b91360000, 0x0000020b960c0000]
CodeHeap 'non-nmethods': size=5760Kb used=1364Kb max_used=1468Kb free=4395Kb
 bounds [0x0000020b8e5f0000, 0x0000020b8e860000, 0x0000020b8eb90000]
 total_blobs=18545 nmethods=17857 adapters=597
 compilation: enabled
              stopped_count=0, restarted_count=0
 full_count=0

Compilation events (20 events):
Event: 1973.495 Thread 0x0000020ba6afe4c0 nmethod 22157 0x0000020b970dc090 code [0x0000020b970dc200, 0x0000020b970dc378]
Event: 1973.495 Thread 0x0000020ba6afe4c0 22159       4       org.springframework.asm.Type::getSort (19 bytes)
Event: 1973.495 Thread 0x0000020ba6afe4c0 nmethod 22159 0x0000020b970dc490 code [0x0000020b970dc600, 0x0000020b970dc698]
Event: 1973.495 Thread 0x0000020ba6afe4c0 22158       4       org.springframework.cglib.core.Signature::getReturnType (8 bytes)
Event: 1973.508 Thread 0x0000020ba6afe4c0 nmethod 22158 0x0000020b970dc790 code [0x0000020b970dc9a0, 0x0000020b970dd310]
Event: 2002.903 Thread 0x0000020ba6b1be50 22167       3       java.util.concurrent.FutureTask::isDone (13 bytes)
Event: 2002.904 Thread 0x0000020ba6b1be50 nmethod 22167 0x0000020b8f58c410 code [0x0000020b8f58c5a0, 0x0000020b8f58c718]
Event: 2009.834 Thread 0x0000020ba6b1be50 22168       3       java.util.concurrent.atomic.AtomicBoolean::compareAndSet (26 bytes)
Event: 2009.834 Thread 0x0000020ba6b1be50 nmethod 22168 0x0000020b8f784490 code [0x0000020b8f7846c0, 0x0000020b8f784ef8]
Event: 2107.934 Thread 0x0000020ba6b1be50 22169  s    3       java.lang.Throwable::getOurStackTrace (55 bytes)
Event: 2107.934 Thread 0x0000020ba6b1be50 nmethod 22169 0x0000020b8f74d410 code [0x0000020b8f74d5e0, 0x0000020b8f74d9c8]
Event: 2107.935 Thread 0x0000020ba6b1be50 22170       3       java.lang.Throwable::getStackTrace (11 bytes)
Event: 2107.935 Thread 0x0000020ba6b1be50 nmethod 22170 0x0000020b8fdc3a90 code [0x0000020b8fdc3c40, 0x0000020b8fdc3f38]
Event: 2107.940 Thread 0x0000020ba6b1be50 22171 % !   3       java.util.concurrent.ConcurrentHashMap::clear @ 10 (176 bytes)
Event: 2107.941 Thread 0x0000020ba6b1be50 nmethod 22171% 0x0000020b8fe00290 code [0x0000020b8fe004c0, 0x0000020b8fe00ea8]
Event: 2107.941 Thread 0x0000020ba6b1be50 22172   !   3       java.util.concurrent.ConcurrentHashMap::clear (176 bytes)
Event: 2107.941 Thread 0x0000020ba6b1be50 nmethod 22172 0x0000020b8f009110 code [0x0000020b8f009340, 0x0000020b8f009c68]
Event: 2108.158 Thread 0x0000020ba6b1be50 22173   !   3       org.h2.schema.Sequence::flush (82 bytes)
Event: 2108.159 Thread 0x0000020ba6b1be50 nmethod 22173 0x0000020b8fbf3190 code [0x0000020b8fbf33a0, 0x0000020b8fbf3af8]
Event: 2108.160 Thread 0x0000020ba6afe4c0 22174 % !   4       java.util.concurrent.ConcurrentHashMap::clear @ 10 (176 bytes)

GC Heap History (20 events):
Event: 1858.262 GC heap after
{Heap after GC invocations=93 (full 17):
 garbage-first heap   total 237568K, used 85464K [0x0000000742800000, 0x0000000800000000)
  region size 2048K, 0 young (0K), 0 survivors (0K)
 Metaspace       used 94444K, committed 96064K, reserved 1179648K
  class space    used 10698K, committed 11520K, reserved 1048576K
}
Event: 1859.014 GC heap before
{Heap before GC invocations=93 (full 17):
 garbage-first heap   total 237568K, used 187864K [0x0000000742800000, 0x0000000800000000)
  region size 2048K, 51 young (104448K), 0 survivors (0K)
 Metaspace       used 95150K, committed 96768K, reserved 1179648K
  class space    used 10751K, committed 11584K, reserved 1048576K
}
Event: 1859.020 GC heap after
{Heap after GC invocations=94 (full 17):
 garbage-first heap   total 237568K, used 93323K [0x0000000742800000, 0x0000000800000000)
  region size 2048K, 4 young (8192K), 4 survivors (8192K)
 Metaspace       used 95150K, committed 96768K, reserved 1179648K
  class space    used 10751K, committed 11584K, reserved 1048576K
}
Event: 1859.361 GC heap before
{Heap before GC invocations=94 (full 17):
 garbage-first heap   total 237568K, used 189579K [0x0000000742800000, 0x0000000800000000)
  region size 2048K, 51 young (104448K), 4 survivors (8192K)
 Metaspace       used 95304K, committed 96960K, reserved 1179648K
  class space    used 10763K, committed 11648K, reserved 1048576K
}
Event: 1859.368 GC heap after
{Heap after GC invocations=95 (full 17):
 garbage-first heap   total 237568K, used 93996K [0x0000000742800000, 0x0000000800000000)
  region size 2048K, 5 young (10240K), 5 survivors (10240K)
 Metaspace       used 95304K, committed 96960K, reserved 1179648K
  class space    used 10763K, committed 11648K, reserved 1048576K
}
Event: 1911.660 GC heap before
{Heap before GC invocations=95 (full 17):
 garbage-first heap   total 237568K, used 161580K [0x0000000742800000, 0x0000000800000000)
  region size 2048K, 40 young (81920K), 5 survivors (10240K)
 Metaspace       used 95470K, committed 97152K, reserved 1179648K
  class space    used 10773K, committed 11648K, reserved 1048576K
}
Event: 1911.771 GC heap after
{Heap after GC invocations=96 (full 18):
 garbage-first heap   total 237568K, used 90327K [0x0000000742800000, 0x0000000800000000)
  region size 2048K, 0 young (0K), 0 survivors (0K)
 Metaspace       used 95456K, committed 97152K, reserved 1179648K
  class space    used 10771K, committed 11648K, reserved 1048576K
}
Event: 1912.443 GC heap before
{Heap before GC invocations=96 (full 18):
 garbage-first heap   total 237568K, used 188631K [0x0000000742800000, 0x0000000800000000)
  region size 2048K, 49 young (100352K), 0 survivors (0K)
 Metaspace       used 96102K, committed 97792K, reserved 1179648K
  class space    used 10819K, committed 11712K, reserved 1048576K
}
Event: 1912.449 GC heap after
{Heap after GC invocations=97 (full 18):
 garbage-first heap   total 237568K, used 97538K [0x0000000742800000, 0x0000000800000000)
  region size 2048K, 4 young (8192K), 4 survivors (8192K)
 Metaspace       used 96102K, committed 97792K, reserved 1179648K
  class space    used 10819K, committed 11712K, reserved 1048576K
}
Event: 1912.717 GC heap before
{Heap before GC invocations=97 (full 18):
 garbage-first heap   total 237568K, used 189698K [0x0000000742800000, 0x0000000800000000)
  region size 2048K, 49 young (100352K), 4 survivors (8192K)
 Metaspace       used 96305K, committed 97984K, reserved 1179648K
  class space    used 10834K, committed 11712K, reserved 1048576K
}
Event: 1912.727 GC heap after
{Heap after GC invocations=98 (full 18):
 garbage-first heap   total 237568K, used 105791K [0x0000000742800000, 0x0000000800000000)
  region size 2048K, 7 young (14336K), 7 survivors (14336K)
 Metaspace       used 96305K, committed 97984K, reserved 1179648K
  class space    used 10834K, committed 11712K, reserved 1048576K
}
Event: 1942.316 GC heap before
{Heap before GC invocations=98 (full 18):
 garbage-first heap   total 237568K, used 165183K [0x0000000742800000, 0x0000000800000000)
  region size 2048K, 38 young (77824K), 7 survivors (14336K)
 Metaspace       used 96405K, committed 98112K, reserved 1179648K
  class space    used 10845K, committed 11712K, reserved 1048576K
}
Event: 1942.429 GC heap after
{Heap after GC invocations=99 (full 19):
 garbage-first heap   total 237568K, used 93255K [0x0000000742800000, 0x0000000800000000)
  region size 2048K, 0 young (0K), 0 survivors (0K)
 Metaspace       used 96392K, committed 98112K, reserved 1179648K
  class space    used 10842K, committed 11712K, reserved 1048576K
}
Event: 1943.130 GC heap before
{Heap before GC invocations=99 (full 19):
 garbage-first heap   total 237568K, used 187463K [0x0000000742800000, 0x0000000800000000)
  region size 2048K, 47 young (96256K), 0 survivors (0K)
 Metaspace       used 96965K, committed 98688K, reserved 1179648K
  class space    used 10886K, committed 11776K, reserved 1048576K
}
Event: 1943.135 GC heap after
{Heap after GC invocations=100 (full 19):
 garbage-first heap   total 237568K, used 100586K [0x0000000742800000, 0x0000000800000000)
  region size 2048K, 4 young (8192K), 4 survivors (8192K)
 Metaspace       used 96965K, committed 98688K, reserved 1179648K
  class space    used 10886K, committed 11776K, reserved 1048576K
}
Event: 1943.496 GC heap before
{Heap before GC invocations=100 (full 19):
 garbage-first heap   total 237568K, used 186602K [0x0000000742800000, 0x0000000800000000)
  region size 2048K, 47 young (96256K), 4 survivors (8192K)
 Metaspace       used 97205K, committed 98944K, reserved 1179648K
  class space    used 10903K, committed 11776K, reserved 1048576K
}
Event: 1943.505 GC heap after
{Heap after GC invocations=101 (full 19):
 garbage-first heap   total 237568K, used 106196K [0x0000000742800000, 0x0000000800000000)
  region size 2048K, 4 young (8192K), 4 survivors (8192K)
 Metaspace       used 97205K, committed 98944K, reserved 1179648K
  class space    used 10903K, committed 11776K, reserved 1048576K
}
Event: 1985.571 GC heap before
{Heap before GC invocations=101 (full 19):
 garbage-first heap   total 237568K, used 186068K [0x0000000742800000, 0x0000000800000000)
  region size 2048K, 44 young (90112K), 4 survivors (8192K)
 Metaspace       used 97376K, committed 99136K, reserved 1179648K
  class space    used 10913K, committed 11840K, reserved 1048576K
}
Event: 1985.575 GC heap after
{Heap after GC invocations=102 (full 19):
 garbage-first heap   total 237568K, used 103230K [0x0000000742800000, 0x0000000800000000)
  region size 2048K, 2 young (4096K), 2 survivors (4096K)
 Metaspace       used 97376K, committed 99136K, reserved 1179648K
  class space    used 10913K, committed 11840K, reserved 1048576K
}
Event: 2108.160 GC heap before
{Heap before GC invocations=102 (full 19):
 garbage-first heap   total 237568K, used 117566K [0x0000000742800000, 0x0000000800000000)
  region size 2048K, 10 young (20480K), 2 survivors (4096K)
 Metaspace       used 97381K, committed 99136K, reserved 1179648K
  class space    used 10914K, committed 11840K, reserved 1048576K
}

Deoptimization events (20 events):
Event: 1973.475 Thread 0x0000020baf6ca970 Uncommon trap: trap_request=0xffffff45 fr.pc=0x0000020b97028348 relative=0x0000000000000d68
Event: 1973.475 Thread 0x0000020baf6ca970 Uncommon trap: reason=unstable_if action=reinterpret pc=0x0000020b97028348 method=com.fasterxml.jackson.databind.ser.std.BeanSerializerBase.serializeFields(Ljava/lang/Object;Lcom/fasterxml/jackson/core/JsonGenerator;Lcom/fasterxml/jackson/databind/Seriali
Event: 1973.475 Thread 0x0000020baf6ca970 DEOPT PACKING pc=0x0000020b97028348 sp=0x000000b532bfd0a0
Event: 1973.475 Thread 0x0000020baf6ca970 DEOPT UNPACKING pc=0x0000020b8e6423a3 sp=0x000000b532bfd098 mode 2
Event: 1973.475 Thread 0x0000020baf6ca970 Uncommon trap: trap_request=0xffffffde fr.pc=0x0000020b967ad4ec relative=0x0000000000000cac
Event: 1973.475 Thread 0x0000020baf6ca970 Uncommon trap: reason=class_check action=maybe_recompile pc=0x0000020b967ad4ec method=com.fasterxml.jackson.databind.ser.BeanPropertyWriter.serializeAsField(Ljava/lang/Object;Lcom/fasterxml/jackson/core/JsonGenerator;Lcom/fasterxml/jackson/databind/Serial
Event: 1973.475 Thread 0x0000020baf6ca970 DEOPT PACKING pc=0x0000020b967ad4ec sp=0x000000b532bfd000
Event: 1973.475 Thread 0x0000020baf6ca970 DEOPT UNPACKING pc=0x0000020b8e6423a3 sp=0x000000b532bfcfe8 mode 2
Event: 1973.475 Thread 0x0000020baf6ca970 Uncommon trap: trap_request=0xffffffde fr.pc=0x0000020b967ad4ec relative=0x0000000000000cac
Event: 1973.475 Thread 0x0000020baf6ca970 Uncommon trap: reason=class_check action=maybe_recompile pc=0x0000020b967ad4ec method=com.fasterxml.jackson.databind.ser.BeanPropertyWriter.serializeAsField(Ljava/lang/Object;Lcom/fasterxml/jackson/core/JsonGenerator;Lcom/fasterxml/jackson/databind/Serial
Event: 1973.475 Thread 0x0000020baf6ca970 DEOPT PACKING pc=0x0000020b967ad4ec sp=0x000000b532bfd000
Event: 1973.475 Thread 0x0000020baf6ca970 DEOPT UNPACKING pc=0x0000020b8e6423a3 sp=0x000000b532bfcfe8 mode 2
Event: 1973.475 Thread 0x0000020baf6ca970 Uncommon trap: trap_request=0xffffffde fr.pc=0x0000020b967ad4ec relative=0x0000000000000cac
Event: 1973.475 Thread 0x0000020baf6ca970 Uncommon trap: reason=class_check action=maybe_recompile pc=0x0000020b967ad4ec method=com.fasterxml.jackson.databind.ser.BeanPropertyWriter.serializeAsField(Ljava/lang/Object;Lcom/fasterxml/jackson/core/JsonGenerator;Lcom/fasterxml/jackson/databind/Serial
Event: 1973.475 Thread 0x0000020baf6ca970 DEOPT PACKING pc=0x0000020b967ad4ec sp=0x000000b532bfd000
Event: 1973.475 Thread 0x0000020baf6ca970 DEOPT UNPACKING pc=0x0000020b8e6423a3 sp=0x000000b532bfcfe8 mode 2
Event: 1973.475 Thread 0x0000020baf6ca970 Uncommon trap: trap_request=0xffffffde fr.pc=0x0000020b967ad4ec relative=0x0000000000000cac
Event: 1973.475 Thread 0x0000020baf6ca970 Uncommon trap: reason=class_check action=maybe_recompile pc=0x0000020b967ad4ec method=com.fasterxml.jackson.databind.ser.BeanPropertyWriter.serializeAsField(Ljava/lang/Object;Lcom/fasterxml/jackson/core/JsonGenerator;Lcom/fasterxml/jackson/databind/Serial
Event: 1973.475 Thread 0x0000020baf6ca970 DEOPT PACKING pc=0x0000020b967ad4ec sp=0x000000b532bfd000
Event: 1973.475 Thread 0x0000020baf6ca970 DEOPT UNPACKING pc=0x0000020b8e6423a3 sp=0x000000b532bfcfe8 mode 2

Classes loaded (20 events):
Event: 1943.721 Loading class java/lang/ObjectCustomizer
Event: 1943.721 Loading class java/lang/ObjectCustomizer done
Event: 1943.721 Loading class java/lang/ObjectCustomizer
Event: 1943.721 Loading class java/lang/ObjectCustomizer done
Event: 1943.724 Loading class java/lang/ObjectCustomizer
Event: 1943.724 Loading class java/lang/ObjectCustomizer done
Event: 1943.724 Loading class java/lang/ObjectCustomizer
Event: 1943.724 Loading class java/lang/ObjectCustomizer done
Event: 1943.732 Loading class java/lang/ObjectCustomizer
Event: 1943.732 Loading class java/lang/ObjectCustomizer done
Event: 1943.732 Loading class java/lang/ObjectCustomizer
Event: 1943.732 Loading class java/lang/ObjectCustomizer done
Event: 1943.751 Loading class java/lang/ObjectCustomizer
Event: 1943.751 Loading class java/lang/ObjectCustomizer done
Event: 1943.751 Loading class java/lang/ObjectCustomizer
Event: 1943.751 Loading class java/lang/ObjectCustomizer done
Event: 1943.761 Loading class java/lang/ObjectCustomizer
Event: 1943.761 Loading class java/lang/ObjectCustomizer done
Event: 1943.761 Loading class java/lang/ObjectCustomizer
Event: 1943.761 Loading class java/lang/ObjectCustomizer done

Classes unloaded (20 events):
Event: 1697.244 Thread 0x0000020ba6ae10d0 Unloading class 0x0000000801722c00 'jdk/internal/reflect/GeneratedSerializationConstructorAccessor63'
Event: 1697.244 Thread 0x0000020ba6ae10d0 Unloading class 0x0000000801722800 'jdk/internal/reflect/GeneratedSerializationConstructorAccessor62'
Event: 1697.244 Thread 0x0000020ba6ae10d0 Unloading class 0x0000000801721800 'jdk/internal/reflect/GeneratedSerializationConstructorAccessor61'
Event: 1697.244 Thread 0x0000020ba6ae10d0 Unloading class 0x0000000801721400 'jdk/internal/reflect/GeneratedSerializationConstructorAccessor60'
Event: 1828.390 Thread 0x0000020ba6ae10d0 Unloading class 0x0000000801739800 'jdk/internal/reflect/GeneratedSerializationConstructorAccessor67'
Event: 1828.390 Thread 0x0000020ba6ae10d0 Unloading class 0x0000000801739400 'jdk/internal/reflect/GeneratedSerializationConstructorAccessor66'
Event: 1828.390 Thread 0x0000020ba6ae10d0 Unloading class 0x0000000801739000 'jdk/internal/reflect/GeneratedSerializationConstructorAccessor65'
Event: 1828.390 Thread 0x0000020ba6ae10d0 Unloading class 0x0000000801738c00 'jdk/internal/reflect/GeneratedSerializationConstructorAccessor64'
Event: 1858.193 Thread 0x0000020ba6ae10d0 Unloading class 0x0000000801756000 'jdk/internal/reflect/GeneratedSerializationConstructorAccessor71'
Event: 1858.193 Thread 0x0000020ba6ae10d0 Unloading class 0x0000000801755c00 'jdk/internal/reflect/GeneratedSerializationConstructorAccessor70'
Event: 1858.193 Thread 0x0000020ba6ae10d0 Unloading class 0x0000000801755800 'jdk/internal/reflect/GeneratedSerializationConstructorAccessor69'
Event: 1858.193 Thread 0x0000020ba6ae10d0 Unloading class 0x0000000801755400 'jdk/internal/reflect/GeneratedSerializationConstructorAccessor68'
Event: 1911.708 Thread 0x0000020ba6ae10d0 Unloading class 0x000000080176ec00 'jdk/internal/reflect/GeneratedSerializationConstructorAccessor75'
Event: 1911.708 Thread 0x0000020ba6ae10d0 Unloading class 0x000000080176e800 'jdk/internal/reflect/GeneratedSerializationConstructorAccessor74'
Event: 1911.708 Thread 0x0000020ba6ae10d0 Unloading class 0x000000080176d800 'jdk/internal/reflect/GeneratedSerializationConstructorAccessor73'
Event: 1911.708 Thread 0x0000020ba6ae10d0 Unloading class 0x000000080176d400 'jdk/internal/reflect/GeneratedSerializationConstructorAccessor72'
Event: 1942.366 Thread 0x0000020ba6ae10d0 Unloading class 0x0000000801786400 'jdk/internal/reflect/GeneratedSerializationConstructorAccessor79'
Event: 1942.366 Thread 0x0000020ba6ae10d0 Unloading class 0x0000000801786000 'jdk/internal/reflect/GeneratedSerializationConstructorAccessor78'
Event: 1942.366 Thread 0x0000020ba6ae10d0 Unloading class 0x0000000801785800 'jdk/internal/reflect/GeneratedSerializationConstructorAccessor77'
Event: 1942.366 Thread 0x0000020ba6ae10d0 Unloading class 0x0000000801785400 'jdk/internal/reflect/GeneratedSerializationConstructorAccessor76'

Classes redefined (0 events):
No events

Internal exceptions (20 events):
Event: 1943.165 Thread 0x0000020baf6c9fd0 Exception <a 'java/lang/ClassNotFoundException'{0x00000007508ac558}: com/open/picom/business/TarifCustomizer> (0x00000007508ac558) 
thrown [s\open\src\hotspot\share\classfile\systemDictionary.cpp, line 255]
Event: 1943.680 Thread 0x0000020baf6c9fd0 Exception <a 'java/lang/ClassNotFoundException'{0x000000074d8c95b0}: java/lang/ObjectCustomizer> (0x000000074d8c95b0) 
thrown [s\open\src\hotspot\share\classfile\systemDictionary.cpp, line 255]
Event: 1943.681 Thread 0x0000020baf6c9fd0 Exception <a 'java/lang/ClassNotFoundException'{0x000000074d8d0df0}: com/open/picom/business/ZoneCustomizer> (0x000000074d8d0df0) 
thrown [s\open\src\hotspot\share\classfile\systemDictionary.cpp, line 255]
Event: 1943.700 Thread 0x0000020baf6c9fd0 Exception <a 'java/lang/ClassNotFoundException'{0x000000074d927da0}: java/lang/ObjectCustomizer> (0x000000074d927da0) 
thrown [s\open\src\hotspot\share\classfile\systemDictionary.cpp, line 255]
Event: 1943.700 Thread 0x0000020baf6c9fd0 Exception <a 'java/lang/ClassNotFoundException'{0x000000074d92f958}: com/open/picom/business/ArretCustomizer> (0x000000074d92f958) 
thrown [s\open\src\hotspot\share\classfile\systemDictionary.cpp, line 255]
Event: 1943.710 Thread 0x0000020baf6c9fd0 Exception <a 'java/lang/ClassNotFoundException'{0x000000074d987868}: java/lang/ObjectCustomizer> (0x000000074d987868) 
thrown [s\open\src\hotspot\share\classfile\systemDictionary.cpp, line 255]
Event: 1943.711 Thread 0x0000020baf6c9fd0 Exception <a 'java/lang/ClassNotFoundException'{0x000000074d98f428}: com/open/picom/business/TrancheHorraireCustomizer> (0x000000074d98f428) 
thrown [s\open\src\hotspot\share\classfile\systemDictionary.cpp, line 255]
Event: 1943.721 Thread 0x0000020baf6c9fd0 Exception <a 'java/lang/ClassNotFoundException'{0x000000074d7e8450}: java/lang/ObjectCustomizer> (0x000000074d7e8450) 
thrown [s\open\src\hotspot\share\classfile\systemDictionary.cpp, line 255]
Event: 1943.722 Thread 0x0000020baf6c9fd0 Exception <a 'java/lang/ClassNotFoundException'{0x000000074d7f03c0}: com/open/picom/business/UtilisateurCustomizer> (0x000000074d7f03c0) 
thrown [s\open\src\hotspot\share\classfile\systemDictionary.cpp, line 255]
Event: 1943.722 Thread 0x0000020baf6c9fd0 Exception <a 'java/lang/ClassNotFoundException'{0x000000074d7fbed8}: com/open/picom/business/AdministrateurCustomizer> (0x000000074d7fbed8) 
thrown [s\open\src\hotspot\share\classfile\systemDictionary.cpp, line 255]
Event: 1943.724 Thread 0x0000020baf6c9fd0 Exception <a 'java/lang/ClassNotFoundException'{0x000000074d411c38}: java/lang/ObjectCustomizer> (0x000000074d411c38) 
thrown [s\open\src\hotspot\share\classfile\systemDictionary.cpp, line 255]
Event: 1943.725 Thread 0x0000020baf6c9fd0 Exception <a 'java/lang/ClassNotFoundException'{0x000000074d419ba8}: com/open/picom/business/UtilisateurCustomizer> (0x000000074d419ba8) 
thrown [s\open\src\hotspot\share\classfile\systemDictionary.cpp, line 255]
Event: 1943.726 Thread 0x0000020baf6c9fd0 Exception <a 'java/lang/ClassNotFoundException'{0x000000074d425480}: com/open/picom/business/ClientCustomizer> (0x000000074d425480) 
thrown [s\open\src\hotspot\share\classfile\systemDictionary.cpp, line 255]
Event: 1943.732 Thread 0x0000020baf6c9fd0 Exception <a 'java/lang/ClassNotFoundException'{0x000000074d468138}: java/lang/ObjectCustomizer> (0x000000074d468138) 
thrown [s\open\src\hotspot\share\classfile\systemDictionary.cpp, line 255]
Event: 1943.734 Thread 0x0000020baf6c9fd0 Exception <a 'java/lang/ClassNotFoundException'{0x000000074d46fab8}: com/open/picom/business/AnnonceCustomizer> (0x000000074d46fab8) 
thrown [s\open\src\hotspot\share\classfile\systemDictionary.cpp, line 255]
Event: 1943.751 Thread 0x0000020baf6c9fd0 Exception <a 'java/lang/ClassNotFoundException'{0x000000074d4d79c8}: java/lang/ObjectCustomizer> (0x000000074d4d79c8) 
thrown [s\open\src\hotspot\share\classfile\systemDictionary.cpp, line 255]
Event: 1943.751 Thread 0x0000020baf6c9fd0 Exception <a 'java/lang/ClassNotFoundException'{0x000000074d4df3c8}: com/open/picom/business/DiffusionCustomizer> (0x000000074d4df3c8) 
thrown [s\open\src\hotspot\share\classfile\systemDictionary.cpp, line 255]
Event: 1943.761 Thread 0x0000020baf6c9fd0 Exception <a 'java/lang/ClassNotFoundException'{0x000000074d538480}: java/lang/ObjectCustomizer> (0x000000074d538480) 
thrown [s\open\src\hotspot\share\classfile\systemDictionary.cpp, line 255]
Event: 1943.761 Thread 0x0000020baf6c9fd0 Exception <a 'java/lang/ClassNotFoundException'{0x000000074d53fd90}: com/open/picom/business/TarifCustomizer> (0x000000074d53fd90) 
thrown [s\open\src\hotspot\share\classfile\systemDictionary.cpp, line 255]
Event: 2107.940 Thread 0x0000020baf6ca4a0 Exception <a 'java/lang/InterruptedException'{0x00000007501b5380}: sleep interrupted> (0x00000007501b5380) 
thrown [s\open\src\hotspot\share\prims\jvm.cpp, line 3083]

VM Operations (20 events):
Event: 1942.429 Executing VM operation: G1CollectFull done
Event: 1942.938 Executing VM operation: HandshakeAllThreads
Event: 1942.938 Executing VM operation: HandshakeAllThreads done
Event: 1943.129 Executing VM operation: G1CollectForAllocation
Event: 1943.135 Executing VM operation: G1CollectForAllocation done
Event: 1943.496 Executing VM operation: G1CollectForAllocation
Event: 1943.505 Executing VM operation: G1CollectForAllocation done
Event: 1944.518 Executing VM operation: Cleanup
Event: 1944.518 Executing VM operation: Cleanup done
Event: 1950.577 Executing VM operation: Cleanup
Event: 1950.578 Executing VM operation: Cleanup done
Event: 1973.787 Executing VM operation: Cleanup
Event: 1973.787 Executing VM operation: Cleanup done
Event: 1985.571 Executing VM operation: G1CollectForAllocation
Event: 1985.576 Executing VM operation: G1CollectForAllocation done
Event: 2107.937 Executing VM operation: ThreadDump
Event: 2107.937 Executing VM operation: ThreadDump done
Event: 2107.938 Executing VM operation: ThreadDump
Event: 2107.938 Executing VM operation: ThreadDump done
Event: 2108.160 Executing VM operation: G1CollectFull

Events (20 events):
Event: 2107.881 Thread 0x0000020baf6c7950 Thread added: 0x0000020baf6c7950
Event: 2107.882 Thread 0x0000020baf6c8c90 Thread exited: 0x0000020baf6c8c90
Event: 2107.933 Thread 0x0000020baf6c9160 Thread exited: 0x0000020baf6c9160
Event: 2107.939 Thread 0x0000020baf6c7480 Thread exited: 0x0000020baf6c7480
Event: 2107.939 Thread 0x0000020baf6c52d0 Thread exited: 0x0000020baf6c52d0
Event: 2107.939 Thread 0x0000020baf6cbcb0 Thread exited: 0x0000020baf6cbcb0
Event: 2107.939 Thread 0x0000020baf6cc650 Thread exited: 0x0000020baf6cc650
Event: 2107.939 Thread 0x0000020baf6ca970 Thread exited: 0x0000020baf6ca970
Event: 2107.939 Thread 0x0000020baf6cb7e0 Thread exited: 0x0000020baf6cb7e0
Event: 2107.939 Thread 0x0000020baf6c5c70 Thread exited: 0x0000020baf6c5c70
Event: 2107.939 Thread 0x0000020baf6c6610 Thread exited: 0x0000020baf6c6610
Event: 2107.939 Thread 0x0000020baf6cb310 Thread exited: 0x0000020baf6cb310
Event: 2107.939 Thread 0x0000020baf6cc180 Thread exited: 0x0000020baf6cc180
Event: 2107.940 Thread 0x0000020baf6c6140 Thread exited: 0x0000020baf6c6140
Event: 2107.940 Thread 0x0000020baf6ca4a0 Thread exited: 0x0000020baf6ca4a0
Event: 2107.947 Thread 0x0000020baf6c6fb0 Thread exited: 0x0000020baf6c6fb0
Event: 2107.947 Thread 0x0000020baf6cae40 Thread exited: 0x0000020baf6cae40
Event: 2108.159 Thread 0x0000020baf6c6ae0 Thread added: 0x0000020baf6c6ae0
Event: 2108.159 Thread 0x0000020baf6c82f0 Thread exited: 0x0000020baf6c82f0
Event: 2108.160 Thread 0x0000020baf6c6ae0 Thread exited: 0x0000020baf6c6ae0


Dynamic libraries:
0x00007ff665620000 - 0x00007ff665630000 	C:\Program Files\Java\jdk-18.0.1.1\bin\javaw.exe
0x00007ffeb2d90000 - 0x00007ffeb2f88000 	C:\WINDOWS\SYSTEM32\ntdll.dll
0x00007ffe741a0000 - 0x00007ffe741b7000 	C:\Program Files (x86)\AVG\Antivirus\aswhook.dll
0x00007ffeb12a0000 - 0x00007ffeb135d000 	C:\WINDOWS\System32\KERNEL32.DLL
0x00007ffeb0a90000 - 0x00007ffeb0d5e000 	C:\WINDOWS\System32\KERNELBASE.dll
0x00007ffeb05c0000 - 0x00007ffeb06c0000 	C:\WINDOWS\System32\ucrtbase.dll
0x00007ffeab8d0000 - 0x00007ffeab8e8000 	C:\Program Files\Java\jdk-18.0.1.1\bin\jli.dll
0x00007ffeb1600000 - 0x00007ffeb16ae000 	C:\WINDOWS\System32\ADVAPI32.dll
0x00007ffeb25a0000 - 0x00007ffeb263e000 	C:\WINDOWS\System32\msvcrt.dll
0x00007ffeb1a20000 - 0x00007ffeb1abc000 	C:\WINDOWS\System32\sechost.dll
0x00007ffeb1bf0000 - 0x00007ffeb1d15000 	C:\WINDOWS\System32\RPCRT4.dll
0x00007ffea8f70000 - 0x00007ffea8f8a000 	C:\Program Files\Java\jdk-18.0.1.1\bin\VCRUNTIME140.dll
0x00007ffeb1070000 - 0x00007ffeb1210000 	C:\WINDOWS\System32\USER32.dll
0x00007ffeb0a60000 - 0x00007ffeb0a82000 	C:\WINDOWS\System32\win32u.dll
0x00007ffeb1390000 - 0x00007ffeb13ba000 	C:\WINDOWS\System32\GDI32.dll
0x00007ffe9e0c0000 - 0x00007ffe9e35a000 	C:\WINDOWS\WinSxS\amd64_microsoft.windows.common-controls_6595b64144ccf1df_6.0.19041.1110_none_60b5254171f9507e\COMCTL32.dll
0x00007ffeb04b0000 - 0x00007ffeb05bb000 	C:\WINDOWS\System32\gdi32full.dll
0x00007ffeb08c0000 - 0x00007ffeb095d000 	C:\WINDOWS\System32\msvcp_win.dll
0x00007ffea77c0000 - 0x00007ffea77ca000 	C:\WINDOWS\SYSTEM32\VERSION.dll
0x00007ffeb1360000 - 0x00007ffeb1390000 	C:\WINDOWS\System32\IMM32.DLL
0x00007ffe9d130000 - 0x00007ffe9d13c000 	C:\Program Files\Java\jdk-18.0.1.1\bin\vcruntime140_1.dll
0x00007ffe97dd0000 - 0x00007ffe97e5d000 	C:\Program Files\Java\jdk-18.0.1.1\bin\msvcp140.dll
0x00007ffe57b80000 - 0x00007ffe58790000 	C:\Program Files\Java\jdk-18.0.1.1\bin\server\jvm.dll
0x00007ffeb0ed0000 - 0x00007ffeb0ed8000 	C:\WINDOWS\System32\PSAPI.DLL
0x00007ffeaec30000 - 0x00007ffeaec39000 	C:\WINDOWS\SYSTEM32\WSOCK32.dll
0x00007ffeb2b30000 - 0x00007ffeb2b9b000 	C:\WINDOWS\System32\WS2_32.dll
0x00007ffea0db0000 - 0x00007ffea0dd7000 	C:\WINDOWS\SYSTEM32\WINMM.dll
0x00007ffeaed90000 - 0x00007ffeaeda2000 	C:\WINDOWS\SYSTEM32\kernel.appcore.dll
0x00007ffe97dc0000 - 0x00007ffe97dca000 	C:\Program Files\Java\jdk-18.0.1.1\bin\jimage.dll
0x00007ffeae270000 - 0x00007ffeae454000 	C:\WINDOWS\SYSTEM32\DBGHELP.DLL
0x00007ffea29c0000 - 0x00007ffea29ec000 	C:\WINDOWS\SYSTEM32\dbgcore.DLL
0x00007ffeb0d60000 - 0x00007ffeb0de2000 	C:\WINDOWS\System32\bcryptPrimitives.dll
0x00007ffe97d90000 - 0x00007ffe97db5000 	C:\Program Files\Java\jdk-18.0.1.1\bin\java.dll
0x00007ffe972e0000 - 0x00007ffe973b6000 	C:\Program Files\Java\jdk-18.0.1.1\bin\jsvml.dll
0x00007ffeb1d20000 - 0x00007ffeb2464000 	C:\WINDOWS\System32\SHELL32.dll
0x00007ffeae460000 - 0x00007ffeaebf4000 	C:\WINDOWS\SYSTEM32\windows.storage.dll
0x00007ffeb16b0000 - 0x00007ffeb1a04000 	C:\WINDOWS\System32\combase.dll
0x00007ffeaff10000 - 0x00007ffeaff40000 	C:\WINDOWS\SYSTEM32\Wldp.dll
0x00007ffeb1550000 - 0x00007ffeb15fd000 	C:\WINDOWS\System32\SHCORE.dll
0x00007ffeb2470000 - 0x00007ffeb24c5000 	C:\WINDOWS\System32\shlwapi.dll
0x00007ffeb03f0000 - 0x00007ffeb040f000 	C:\WINDOWS\SYSTEM32\profapi.dll
0x00007ffe97bb0000 - 0x00007ffe97bc3000 	C:\Program Files\Java\jdk-18.0.1.1\bin\net.dll
0x00007ffea1600000 - 0x00007ffea170a000 	C:\WINDOWS\SYSTEM32\WINHTTP.dll
0x00007ffeafc70000 - 0x00007ffeafcda000 	C:\WINDOWS\system32\mswsock.dll
0x00007ffe97a80000 - 0x00007ffe97a96000 	C:\Program Files\Java\jdk-18.0.1.1\bin\nio.dll
0x00007ffe979f0000 - 0x00007ffe97a08000 	C:\Program Files\Java\jdk-18.0.1.1\bin\zip.dll
0x00007ffe97d80000 - 0x00007ffe97d90000 	C:\Program Files\Java\jdk-18.0.1.1\bin\verify.dll
0x00007ffe97ba0000 - 0x00007ffe97ba9000 	C:\Program Files\Java\jdk-18.0.1.1\bin\management.dll
0x00007ffe974c0000 - 0x00007ffe974cb000 	C:\Program Files\Java\jdk-18.0.1.1\bin\management_ext.dll
0x00007ffe95780000 - 0x00007ffe95797000 	C:\WINDOWS\system32\napinsp.dll
0x00007ffe95760000 - 0x00007ffe9577b000 	C:\WINDOWS\system32\pnrpnsp.dll
0x00007ffeab290000 - 0x00007ffeab2a5000 	C:\WINDOWS\system32\wshbth.dll
0x00007ffeab810000 - 0x00007ffeab82d000 	C:\WINDOWS\system32\NLAapi.dll
0x00007ffeaf910000 - 0x00007ffeaf94b000 	C:\WINDOWS\SYSTEM32\IPHLPAPI.DLL
0x00007ffeaf950000 - 0x00007ffeafa1a000 	C:\WINDOWS\SYSTEM32\DNSAPI.dll
0x00007ffeb1420000 - 0x00007ffeb1428000 	C:\WINDOWS\System32\NSI.dll
0x00007ffe95740000 - 0x00007ffe95752000 	C:\WINDOWS\System32\winrnr.dll
0x00007ffe9ca30000 - 0x00007ffe9ca3a000 	C:\Windows\System32\rasadhlp.dll
0x00007ffe9cf50000 - 0x00007ffe9cfd0000 	C:\WINDOWS\System32\fwpuclnt.dll
0x00007ffeb0730000 - 0x00007ffeb0757000 	C:\WINDOWS\System32\bcrypt.dll
0x00007ffeafe60000 - 0x00007ffeafe78000 	C:\WINDOWS\SYSTEM32\CRYPTSP.dll
0x00007ffeaf580000 - 0x00007ffeaf5b4000 	C:\WINDOWS\system32\rsaenh.dll
0x00007ffeb0370000 - 0x00007ffeb039e000 	C:\WINDOWS\SYSTEM32\USERENV.dll
0x00007ffeafe80000 - 0x00007ffeafe8c000 	C:\WINDOWS\SYSTEM32\CRYPTBASE.dll
0x00007ffea6af0000 - 0x00007ffea6b07000 	C:\WINDOWS\SYSTEM32\dhcpcsvc6.DLL
0x00007ffea8120000 - 0x00007ffea813d000 	C:\WINDOWS\SYSTEM32\dhcpcsvc.DLL
0x00007ffe974b0000 - 0x00007ffe974be000 	C:\Program Files\Java\jdk-18.0.1.1\bin\sunmscapi.dll
0x00007ffeb0760000 - 0x00007ffeb08b6000 	C:\WINDOWS\System32\CRYPT32.dll
0x00007ffeaff80000 - 0x00007ffeaffa7000 	C:\WINDOWS\SYSTEM32\ncrypt.dll
0x00007ffeaff40000 - 0x00007ffeaff7b000 	C:\WINDOWS\SYSTEM32\NTASN1.dll

dbghelp: loaded successfully - version: 4.0.5 - missing functions: none
symbol engine: initialized successfully - sym options: 0x614 - pdb path: .;C:\Program Files\Java\jdk-18.0.1.1\bin;C:\WINDOWS\SYSTEM32;C:\Program Files (x86)\AVG\Antivirus;C:\WINDOWS\WinSxS\amd64_microsoft.windows.common-controls_6595b64144ccf1df_6.0.19041.1110_none_60b5254171f9507e;C:\Program Files\Java\jdk-18.0.1.1\bin\server

VM Arguments:
jvm_args: -Dfile.encoding=UTF-8 -XX:+ShowCodeDetailsInExceptionMessages 
java_command: com.open.picom.PicomApplication
java_class_path (initial): C:\Users\Eric\eclipse-workspace\picom-backend\target\classes;C:\Users\Eric\.m2\repository\org\springframework\boot\spring-boot-starter-actuator\2.7.3\spring-boot-starter-actuator-2.7.3.jar;C:\Users\Eric\.m2\repository\org\springframework\boot\spring-boot-starter\2.7.3\spring-boot-starter-2.7.3.jar;C:\Users\Eric\.m2\repository\org\springframework\boot\spring-boot-starter-logging\2.7.3\spring-boot-starter-logging-2.7.3.jar;C:\Users\Eric\.m2\repository\ch\qos\logback\logback-classic\1.2.11\logback-classic-1.2.11.jar;C:\Users\Eric\.m2\repository\ch\qos\logback\logback-core\1.2.11\logback-core-1.2.11.jar;C:\Users\Eric\.m2\repository\org\apache\logging\log4j\log4j-to-slf4j\2.17.2\log4j-to-slf4j-2.17.2.jar;C:\Users\Eric\.m2\repository\org\apache\logging\log4j\log4j-api\2.17.2\log4j-api-2.17.2.jar;C:\Users\Eric\.m2\repository\org\slf4j\jul-to-slf4j\1.7.36\jul-to-slf4j-1.7.36.jar;C:\Users\Eric\.m2\repository\jakarta\annotation\jakarta.annotation-api\1.3.5\jakarta.annotation-api-1.3.5.jar;C:\Users\Eric\.m2\repository\org\yaml\snakeyaml\1.30\snakeyaml-1.30.jar;C:\Users\Eric\.m2\repository\org\springframework\boot\spring-boot-actuator-autoconfigure\2.7.3\spring-boot-actuator-autoconfigure-2.7.3.jar;C:\Users\Eric\.m2\repository\org\springframework\boot\spring-boot-actuator\2.7.3\spring-boot-actuator-2.7.3.jar;C:\Users\Eric\.m2\repository\com\fasterxml\jackson\core\jackson-databind\2.13.3\jackson-databind-2.13.3.jar;C:\Users\Eric\.m2\repository\com\fasterxml\jackson\core\jackson-annotations\2.13.3\jackson-annotations-2.13.3.jar;C:\Users\Eric\.m2\repository\com\fasterxml\jackson\datatype\jackson-datatype-jsr310\2.13.3\jackson-datatype-jsr310-2.13.3.jar;C:\Users\Eric\.m2\repository\io\micrometer\micrometer-core\1.9.3\micrometer-core-1.9.3.jar;C:\Users\Eric\.m2\repository\org\hdrhistogram\HdrHistogram\2.1.12\HdrHistogram-2.1.12.jar;C:\Users\Eric\.m2\repository\org\latencyutils\LatencyUtils\2.0.3\LatencyUtils-2.0.3.jar;C:\Users\Eric\.m2\repository\org\springframework\boot\spring-boot-starter-data-jpa\2.7.3\spring-boot-starter-data-jpa-2.7.3.jar;C:\Users\Eric\.m2\repository\org\springframework\boot\spring-boot-starter-aop\2.7.3\spring-boot-starter-aop-2.7.3.jar;C:\Users\Eric\.m2\repository\org\springframework\spring-aop\5.3.22\spring-aop-5.3.22.jar;C:\Users\Eric\.m2\repository\org\aspectj\aspectjweaver\1.9.7\aspectjweaver-1.9.7.jar;C:\Users\Eric\.m2\repository\org\springframework\boot\spring-boot-starter-jdbc\2.7.3\spring-boot-starter-jdbc-2.7.3.jar;C:\Users\Eric\.m2\repository\com\zaxxer\HikariCP\4.0.3\HikariCP-4.0.3.jar;C:\Users\Eric\.m2\repository\org\springframework\spring-jdbc\5.3.22\spring-jdbc-5.3.22.jar;C:\Users\Eric\.m2\repository\jakarta\transaction\jakarta.transaction-api\1.3.3\jakarta.transaction-api-1.3.3.jar;C:\Users\Eric\.m2\repository\jakarta\persistence\jakarta.persistence-api\2.2.3\jakarta.persistence-api-2.2.3.jar;C:\Users\Eric\.m2\repository\org\hibernate\hibernate-core\5.6.10.Final\hibernate-core-5.6.10.Final.jar;C:\Users\Eric\.m2\repository\org\jboss\logging\jboss-logging\3.4.3.Final\jboss-logging-3.4.3.Final.jar;C:\Users\Eric\.m2\repository\net\bytebuddy\byte-buddy\1.12.13\byte-buddy-1.12.13.jar;C:\Users\Eric\.m2\repository\antlr\antlr\2.7.7\antlr-2.7.7.jar;C:\Users\Eric\.m2\repository\org\jboss\jandex\2.4.2.Final\jandex-2.4.2.Final.jar;C:\Users\Eric\.m2\repository\com\fasterxml\classmate\1.5.1\classmate-1.5.1.jar;C:\Users\Eric\.m2\repository\org\hibernate\common\hibernate-commons-annotations\5.1.2.Final\hibernate-commons-annotations-5.1.2.Final.jar;C:\Users\Eric\.m2\repository\org\glassfish\jaxb\jaxb-runtime\2.3.6\jaxb-runtime-2.3.6.jar;C:\Users\Eric\.m2\repository\org\glassfish\jaxb\txw2\2.3.6\txw2-2.3.6.jar;C:\Users\Eric\.m2\repository\com\sun\istack\istack-commons-runtime\3.0.12\istack-commons-runtime-3.0.12.jar;C:\Users\Eric\.m2\repository\com\sun\activation\jakarta.activation\1.2.2\jakarta.activation-1.2.2.jar;C:\Users\Eric\.m2\repository\org\springframework\data\spring-data-jpa\2.7.2\spring-data-jpa-2.7.2.jar;C:\Users\Eric\.m2\repository\org\springframework\data\spring-data-commons\2.7.2\spring-data-commons-2.7.2.jar;C:\Users\Eric\.m2\repository\org\springframework\spring-orm\5.3.22\spring-orm-5.3.22.jar;C:\Users\Eric\.m2\repository\org\springframework\spring-context\5.3.22\spring-context-5.3.22.jar;C:\Users\Eric\.m2\repository\org\springframework\spring-tx\5.3.22\spring-tx-5.3.22.jar;C:\Users\Eric\.m2\repository\org\springframework\spring-beans\5.3.22\spring-beans-5.3.22.jar;C:\Users\Eric\.m2\repository\org\slf4j\slf4j-api\1.7.36\slf4j-api-1.7.36.jar;C:\Users\Eric\.m2\repository\org\springframework\spring-aspects\5.3.22\spring-aspects-5.3.22.jar;C:\Users\Eric\.m2\repository\org\springframework\boot\spring-boot-starter-validation\2.7.3\spring-boot-starter-validation-2.7.3.jar;C:\Users\Eric\.m2\repository\org\apache\tomcat\embed\tomcat-embed-el\9.0.65\tomcat-embed-el-9.0.65.jar;C:\Users\Eric\.m2\repository\org\hibernate\validator\hibernate-validator\6.2.4.Final\hibernate-validator-6.2.4.Final.jar;C:\Users\Eric\.m2\repository\jakarta\validation\jakarta.validation-api\2.0.2\jakarta.validation-api-2.0.2.jar;C:\Users\Eric\.m2\repository\org\springframework\boot\spring-boot-devtools\2.7.3\spring-boot-devtools-2.7.3.jar;C:\Users\Eric\.m2\repository\org\springframework\boot\spring-boot\2.7.3\spring-boot-2.7.3.jar;C:\Users\Eric\.m2\repository\org\springframework\boot\spring-boot-autoconfigure\2.7.3\spring-boot-autoconfigure-2.7.3.jar;C:\Users\Eric\.m2\repository\com\h2database\h2\2.1.214\h2-2.1.214.jar;C:\Users\Eric\.m2\repository\org\postgresql\postgresql\42.3.6\postgresql-42.3.6.jar;C:\Users\Eric\.m2\repository\org\checkerframework\checker-qual\3.5.0\checker-qual-3.5.0.jar;C:\Users\Eric\.m2\repository\org\projectlombok\lombok\1.18.24\lombok-1.18.24.jar;C:\Users\Eric\.m2\repository\org\springdoc\springdoc-openapi-ui\1.6.6\springdoc-openapi-ui-1.6.6.jar;C:\Users\Eric\.m2\repository\org\springdoc\springdoc-openapi-webmvc-core\1.6.6\springdoc-openapi-webmvc-core-1.6.6.jar;C:\Users\Eric\.m2\repository\org\springdoc\springdoc-openapi-common\1.6.6\springdoc-openapi-common-1.6.6.jar;C:\Users\Eric\.m2\repository\io\swagger\core\v3\swagger-core\2.1.12\swagger-core-2.1.12.jar;C:\Users\Eric\.m2\repository\org\apache\commons\commons-lang3\3.12.0\commons-lang3-3.12.0.jar;C:\Users\Eric\.m2\repository\com\fasterxml\jackson\dataformat\jackson-dataformat-yaml\2.13.3\jackson-dataformat-yaml-2.13.3.jar;C:\Users\Eric\.m2\repository\io\swagger\core\v3\swagger-annotations\2.1.12\swagger-annotations-2.1.12.jar;C:\Users\Eric\.m2\repository\io\swagger\core\v3\swagger-models\2.1.12\swagger-models-2.1.12.jar;C:\Users\Eric\.m2\repository\org\webjars\swagger-ui\4.5.0\swagger-ui-4.5.0.jar;C:\Users\Eric\.m2\repository\org\webjars\webjars-locator-core\0.50\webjars-locator-core-0.50.jar;C:\Users\Eric\.m2\repository\com\fasterxml\jackson\core\jackson-core\2.13.3\jackson-core-2.13.3.jar;C:\Users\Eric\.m2\repository\io\github\classgraph\classgraph\4.8.138\classgraph-4.8.138.jar;C:\Users\Eric\.m2\repository\org\springframework\boot\spring-boot-starter-web\2.7.3\spring-boot-starter-web-2.7.3.jar;C:\Users\Eric\.m2\repository\org\springframework\boot\spring-boot-starter-json\2.7.3\spring-boot-starter-json-2.7.3.jar;C:\Users\Eric\.m2\repository\com\fasterxml\jackson\datatype\jackson-datatype-jdk8\2.13.3\jackson-datatype-jdk8-2.13.3.jar;C:\Users\Eric\.m2\repository\com\fasterxml\jackson\module\jackson-module-parameter-names\2.13.3\jackson-module-parameter-names-2.13.3.jar;C:\Users\Eric\.m2\repository\org\springframework\boot\spring-boot-starter-tomcat\2.7.3\spring-boot-starter-tomcat-2.7.3.jar;C:\Users\Eric\.m2\repository\org\apache\tomcat\embed\tomcat-embed-core\9.0.65\tomcat-embed-core-9.0.65.jar;C:\Users\Eric\.m2\repository\org\apache\tomcat\embed\tomcat-embed-websocket\9.0.65\tomcat-embed-websocket-9.0.65.jar;C:\Users\Eric\.m2\repository\org\springframework\spring-web\5.3.22\spring-web-5.3.22.jar;C:\Users\Eric\.m2\repository\org\springframework\spring-webmvc\5.3.22\spring-webmvc-5.3.22.jar;C:\Users\Eric\.m2\repository\org\springframework\spring-expression\5.3.22\spring-expression-5.3.22.jar;C:\Users\Eric\.m2\repository\jakarta\xml\bind\jakarta.xml.bind-api\2.3.3\jakarta.xml.bind-api-2.3.3.jar;C:\Users\Eric\.m2\repository\jakarta\activation\jakarta.activation-api\1.2.2\jakarta.activation-api-1.2.2.jar;C:\Users\Eric\.m2\repository\org\springframework\spring-core\5.3.22\spring-core-5.3.22.jar;C:\Users\Eric\.m2\repository\org\springframework\spring-jcl\5.3.22\spring-jcl-5.3.22.jar
Launcher Type: SUN_STANDARD

[Global flags]
     intx CICompilerCount                          = 3                                         {product} {ergonomic}
     uint ConcGCThreads                            = 1                                         {product} {ergonomic}
     uint G1ConcRefinementThreads                  = 4                                         {product} {ergonomic}
   size_t G1HeapRegionSize                         = 2097152                                   {product} {ergonomic}
    uintx GCDrainStackTargetSize                   = 64                                        {product} {ergonomic}
   size_t InitialHeapSize                          = 199229440                                 {product} {ergonomic}
   size_t MarkStackSize                            = 4194304                                   {product} {ergonomic}
   size_t MaxHeapSize                              = 3179282432                                {product} {ergonomic}
   size_t MaxNewSize                               = 1906311168                                {product} {ergonomic}
   size_t MinHeapDeltaBytes                        = 2097152                                   {product} {ergonomic}
   size_t MinHeapSize                              = 8388608                                   {product} {ergonomic}
    uintx NonNMethodCodeHeapSize                   = 5832780                                {pd product} {ergonomic}
    uintx NonProfiledCodeHeapSize                  = 122912730                              {pd product} {ergonomic}
    uintx ProfiledCodeHeapSize                     = 122912730                              {pd product} {ergonomic}
    uintx ReservedCodeCacheSize                    = 251658240                              {pd product} {ergonomic}
     bool SegmentedCodeCache                       = true                                      {product} {ergonomic}
     bool ShowCodeDetailsInExceptionMessages       = true                                   {manageable} {command line}
   size_t SoftMaxHeapSize                          = 3179282432                             {manageable} {ergonomic}
     bool UseCompressedClassPointers               = true                           {product lp64_product} {ergonomic}
     bool UseCompressedOops                        = true                           {product lp64_product} {ergonomic}
     bool UseG1GC                                  = true                                      {product} {ergonomic}
     bool UseLargePagesIndividualAllocation        = false                                  {pd product} {ergonomic}

Logging:
Log output configuration:
 #0: stdout all=warning uptime,level,tags foldmultilines=false
 #1: stderr all=off uptime,level,tags foldmultilines=false

Environment Variables:
PATH=C:/Users/Eric/.p2/pool/plugins/org.eclipse.justj.openjdk.hotspot.jre.full.win32.x86_64_11.0.15.v20220515-1236/jre/bin/server;C:/Users/Eric/.p2/pool/plugins/org.eclipse.justj.openjdk.hotspot.jre.full.win32.x86_64_11.0.15.v20220515-1236/jre/bin;C:\Program Files\Common Files\Oracle\Java\javapath;C:\Program Files (x86)\Common Files\Oracle\Java\javapath;C:\Program Files (x86)\Intel\iCLS Client\;C:\ProgramData\Oracle\Java\javapath;C:\Program Files\Intel\iCLS Client\;C:\windows\system32;C:\windows;C:\windows\System32\Wbem;C:\windows\System32\WindowsPowerShell\v1.0\;C:\WINDOWS\system32;C:\WINDOWS;C:\WINDOWS\System32\Wbem;C:\WINDOWS\System32\WindowsPowerShell\v1.0\;C:\Program Files (x86)\Windows Live\Shared;C:\Program Files (x86)\NVIDIA Corporation\PhysX\Common;C:\Program Files\Actiona;C:\Program Files (x86)\Intel\Intel(R) Management Engine Components\DAL;C:\Program Files\Intel\Intel(R) Management Engine Components\DAL;C:\Program Files (x86)\Intel\Intel(R) Management Engine Components\IPT;C:\Program Files\Intel\Intel(R) Management Engine Components\IPT;C:\WINDOWS\System32\OpenSSH\;C:\Program Files (x86)\ZeroTier\One\;C:\Program Files\NVIDIA Corporation\NVIDIA NvDLISR;C:\WINDOWS\system32;C:\WINDOWS;C:\WINDOWS\System32\Wbem;C:\WINDOWS\System32\WindowsPowerShell\v1.0\;C:\WINDOWS\System32\OpenSSH\;C:\Program Files\PostgreSQL\14\bin;C:\Program Files\MongoDB\Tools\100\bin;C:\Program Files\nvm;C:\Program Files\nodejs;C:\Users\Eric\AppData\Local\Microsoft\WindowsApps;C:\Users\Eric\AppData\Local\Programs\Microsoft VS Code\bin;C:\Users\Eric\AppData\Local\Programs\Git\cmd;C:\Program Files\PostgreSQL\14\bin;C:\Users\Eric\AppData\Local\Programs\mongosh\;C:\Program Files\MongoDB\Tools\100\bin;C:\Program Files\nvm;C:\Program Files\nodejs;C:\Users\Eric\Documents\eclipse2022-06\eclipse;
USERNAME=Eric
OS=Windows_NT
PROCESSOR_IDENTIFIER=Intel64 Family 6 Model 94 Stepping 3, GenuineIntel



---------------  S Y S T E M  ---------------

OS:
 Windows 10 , 64 bit Build 19041 (10.0.19041.1889)
OS uptime: 0 days 3:29 hours

CPU: total 4 (initial active 4) (4 cores per cpu, 1 threads per core) family 6 model 94 stepping 3 microcode 0xcc, cx8, cmov, fxsr, mmx, 3dnowpref, sse, sse2, sse3, ssse3, sse4.1, sse4.2, popcnt, lzcnt, tsc, tscinvbit, avx, avx2, aes, erms, clmul, bmi1, bmi2, rtm, adx, fma, vzeroupper, clflush, clflushopt

Memory: 4k page, system-wide physical 12126M (3170M free)
TotalPageFile size 14175M (AvailPageFile size 8M)
current process WorkingSet (physical memory assigned to process): 508M, peak: 519M
current process commit charge ("private bytes"): 546M, peak: 551M

vm_info: Java HotSpot(TM) 64-Bit Server VM (18.0.1.1+2-6) for windows-amd64 JRE (18.0.1.1+2-6), built on Apr 25 2022 21:53:15 by "mach5one" with MS VC++ 16.8 / 16.9 (VS2019)

END.
