#
# There is insufficient memory for the Java Runtime Environment to continue.
# Native memory allocation (malloc) failed to allocate 831536 bytes for Chunk::new
# Possible reasons:
#   The system is out of physical RAM or swap space
#   The process is running with CompressedOops enabled, and the Java Heap may be blocking the growth of the native heap
# Possible solutions:
#   Reduce memory load on the system
#   Increase physical memory or swap space
#   Check if swap backing store is full
#   Decrease Java heap size (-Xmx/-Xms)
#   Decrease number of Java threads
#   Decrease Java thread stack sizes (-Xss)
#   Set larger code cache with -XX:ReservedCodeCacheSize=
#   JVM is running with Zero Based Compressed Oops mode in which the Java heap is
#     placed in the first 32GB address space. The Java Heap base address is the
#     maximum limit for the native heap growth. Please use -XX:HeapBaseMinAddress
#     to set the Java Heap base and to place the Java Heap above 32GB virtual address.
# This output file may be truncated or incomplete.
#
#  Out of Memory Error (arena.cpp:184), pid=16712, tid=4684
#
# JRE version: Java(TM) SE Runtime Environment (18.0.1.1+2) (build 18.0.1.1+2-6)
# Java VM: Java HotSpot(TM) 64-Bit Server VM (18.0.1.1+2-6, mixed mode, sharing, tiered, compressed oops, compressed class ptrs, g1 gc, windows-amd64)
# No core dump will be written. Minidumps are not enabled by default on client versions of Windows
#

---------------  S U M M A R Y ------------

Command Line: -ea -Dfile.encoding=UTF-8 -XX:+ShowCodeDetailsInExceptionMessages org.eclipse.jdt.internal.junit.runner.RemoteTestRunner -version 3 -port 59718 -testLoaderClass org.eclipse.jdt.internal.junit5.runner.JUnit5TestLoader -loaderpluginname org.eclipse.jdt.junit5.runtime -classNames com.open.picom.UtilisateurRestControllerTest

Host: Intel(R) Core(TM) i5-6300HQ CPU @ 2.30GHz, 4 cores, 11G,  Windows 10 , 64 bit Build 19041 (10.0.19041.1889)
Time: Mon Aug 29 19:00:13 2022 Paris, Madrid (heure duild 19041 (10.0.19041.1889) elapsed time: 1.409675 seconds (0d 0h 0m 1s)

---------------  T H R E A D  ---------------

Current thread (0x000001e978e5b690):  JavaThread "C2 CompilerThread1" daemon [_thread_in_native, id=4684, stack(0x00000001db900000,0x00000001dba00000)]


Current CompileTask:
C2:   1409 1402 %     4       jdk.internal.loader.URLClassPath::getResource @ 39 (74 bytes)

Stack: [0x00000001db900000,0x00000001dba00000]
Native frames: (J=compiled Java code, j=interpreted, Vv=VM code, C=native code)
V  [jvm.dll+0x69887a]
V  [jvm.dll+0x7f38bd]
V  [jvm.dll+0x7f51ce]
V  [jvm.dll+0x7f5883]
V  [jvm.dll+0x25ca3f]
V  [jvm.dll+0xb8c2f]
V  [jvm.dll+0xb8fa5]
V  [jvm.dll+0x385a31]
V  [jvm.dll+0x34f811]
V  [jvm.dll+0x34ecaa]
V  [jvm.dll+0x22fc21]
V  [jvm.dll+0x22eff1]
V  [jvm.dll+0x1b9cfc]
V  [jvm.dll+0x23e8ca]
V  [jvm.dll+0x23cbb5]
V  [jvm.dll+0x7a5fb1]
V  [jvm.dll+0x7a03ea]
V  [jvm.dll+0x697725]
C  [ucrtbase.dll+0x21bb2]
C  [KERNEL32.DLL+0x17034]
C  [ntdll.dll+0x52651]


---------------  P R O C E S S  ---------------

Threads class SMR info:
_java_thread_list=0x000001e97889beb0, length=14, elements={
0x000001e9545ac5a0, 0x000001e9743d2c80, 0x000001e9743d64a0, 0x000001e9743f0050,
0x000001e9743f1910, 0x000001e9743f4970, 0x000001e9743f5220, 0x000001e9743f9be0,
0x000001e9743fc420, 0x000001e974465870, 0x000001e9788863c0, 0x000001e978898d40,
0x000001e978e2fbf0, 0x000001e978e5b690
}

Java Threads: ( => current thread )
  0x000001e9545ac5a0 JavaThread "main" [_thread_in_native, id=18800, stack(0x00000001da400000,0x00000001da500000)]
  0x000001e9743d2c80 JavaThread "Reference Handler" daemon [_thread_blocked, id=13844, stack(0x00000001dab00000,0x00000001dac00000)]
  0x000001e9743d64a0 JavaThread "Finalizer" daemon [_thread_blocked, id=17944, stack(0x00000001dac00000,0x00000001dad00000)]
  0x000001e9743f0050 JavaThread "Signal Dispatcher" daemon [_thread_blocked, id=17208, stack(0x00000001dad00000,0x00000001dae00000)]
  0x000001e9743f1910 JavaThread "Attach Listener" daemon [_thread_blocked, id=16748, stack(0x00000001dae00000,0x00000001daf00000)]
  0x000001e9743f4970 JavaThread "Service Thread" daemon [_thread_blocked, id=3804, stack(0x00000001daf00000,0x00000001db000000)]
  0x000001e9743f5220 JavaThread "Monitor Deflation Thread" daemon [_thread_blocked, id=16784, stack(0x00000001db000000,0x00000001db100000)]
  0x000001e9743f9be0 JavaThread "C2 CompilerThread0" daemon [_thread_blocked, id=20188, stack(0x00000001db100000,0x00000001db200000)]
  0x000001e9743fc420 JavaThread "C1 CompilerThread0" daemon [_thread_in_native, id=3084, stack(0x00000001db200000,0x00000001db300000)]
  0x000001e974465870 JavaThread "Sweeper thread" daemon [_thread_blocked, id=16872, stack(0x00000001db300000,0x00000001db400000)]
  0x000001e9788863c0 JavaThread "Notification Thread" daemon [_thread_blocked, id=12048, stack(0x00000001db400000,0x00000001db500000)]
  0x000001e978898d40 JavaThread "Common-Cleaner" daemon [_thread_blocked, id=1184, stack(0x00000001db600000,0x00000001db700000)]
  0x000001e978e2fbf0 JavaThread "ReaderThread" [_thread_in_native, id=2356, stack(0x00000001db800000,0x00000001db900000)]
=>0x000001e978e5b690 JavaThread "C2 CompilerThread1" daemon [_thread_in_native, id=4684, stack(0x00000001db900000,0x00000001dba00000)]

Other Threads:
  0x000001e9743cb9a0 VMThread "VM Thread" [stack: 0x00000001daa00000,0x00000001dab00000] [id=17980]
  0x000001e978888ca0 WatcherThread "VM Periodic Task Thread" [stack: 0x00000001db500000,0x00000001db600000] [id=20364]
  0x000001e954608bd0 WorkerThread "GC Thread#0" [stack: 0x00000001da500000,0x00000001da600000] [id=6512]
  0x000001e978eb94e0 WorkerThread "GC Thread#1" [stack: 0x00000001dba00000,0x00000001dbb00000] [id=17240]
  0x000001e978f7c3e0 WorkerThread "GC Thread#2" [stack: 0x00000001dbb00000,0x00000001dbc00000] [id=19316]
  0x000001e978f7c680 WorkerThread "GC Thread#3" [stack: 0x00000001dbc00000,0x00000001dbd00000] [id=9748]
  0x000001e954615880 ConcurrentGCThread "G1 Main Marker" [stack: 0x00000001da600000,0x00000001da700000] [id=5712]
  0x000001e954617af0 WorkerThread "G1 Conc#0" [stack: 0x00000001da700000,0x00000001da800000] [id=17688]
  0x000001e95464d410 ConcurrentGCThread "G1 Refine#0" [stack: 0x00000001da800000,0x00000001da900000] [id=11680]
  0x000001e95464dc30 ConcurrentGCThread "G1 Service" [stack: 0x00000001da900000,0x00000001daa00000] [id=10652]

Threads with active compile tasks:
C1 CompilerThread0     1460 1484       3       java.lang.invoke.AbstractValidatingLambdaMetafactory::validateMetafactoryArgs (607 bytes)
C2 CompilerThread1     1460 1402 %     4       jdk.internal.loader.URLClassPath::getResource @ 39 (74 bytes)

VM state: not at safepoint (normal execution)

VM Mutex/Monitor currently owned by a thread: None

Heap address: 0x0000000742800000, size: 3032 MB, Compressed Oops mode: Zero based, Oop shift amount: 3

CDS archive(s) mapped at: [0x0000000800000000-0x0000000800ba0000-0x0000000800ba0000), size 12189696, SharedBaseAddress: 0x0000000800000000, ArchiveRelocationMode: 0.
Compressed class space mapped at: 0x0000000800c00000-0x0000000840c00000, reserved size: 1073741824
Narrow klass base: 0x0000000800000000, Narrow klass shift: 0, Narrow klass range: 0x100000000

GC Precious Log:
 CardTable entry size: 512
 Card Set container configuration: InlinePtr #cards 4 size 8 Array Of Cards #cards 16 size 48 Howl #buckets 8 coarsen threshold 3686 Howl Bitmap #cards 512 size 80 coarsen threshold 460 Card regions per heap region 1 cards per card region 4096
 CPUs: 4 total, 4 available
 Memory: 12126M
 Large Page Support: Disabled
 NUMA Support: Disabled
 Compressed Oops: Enabled (Zero based)
 Heap Region Size: 2M
 Heap Min Capacity: 8M
 Heap Initial Capacity: 190M
 Heap Max Capacity: 3032M
 Pre-touch: Disabled
 Parallel Workers: 4
 Concurrent Workers: 1
 Concurrent Refinement Workers: 4
 Periodic GC: Disabled

Heap:
 garbage-first heap   total 194560K, used 20228K [0x0000000742800000, 0x0000000800000000)
  region size 2048K, 8 young (16384K), 1 survivors (2048K)
 Metaspace       used 7812K, committed 8000K, reserved 1114112K
  class space    used 930K, committed 1024K, reserved 1048576K

Heap Regions: E=young(eden), S=young(survivor), O=old, HS=humongous(starts), HC=humongous(continues), CS=collection set, F=free, OA=open archive, CA=closed archive, TAMS=top-at-mark-start (previous, next)
|   0|0x0000000742800000, 0x0000000742a00000, 0x0000000742a00000|100%| O|  |TAMS 0x0000000742800000, 0x0000000742800000| Untracked 
|   1|0x0000000742a00000, 0x0000000742c00000, 0x0000000742c00000|100%| O|  |TAMS 0x0000000742a00000, 0x0000000742a00000| Untracked 
|   2|0x0000000742c00000, 0x0000000742e00000, 0x0000000742e00000|100%| O|  |TAMS 0x0000000742c00000, 0x0000000742c00000| Untracked 
|   3|0x0000000742e00000, 0x0000000742f32c00, 0x0000000743000000| 59%| O|  |TAMS 0x0000000742e00000, 0x0000000742e00000| Untracked 
|   4|0x0000000743000000, 0x0000000743000000, 0x0000000743200000|  0%| F|  |TAMS 0x0000000743000000, 0x0000000743000000| Untracked 
|   5|0x0000000743200000, 0x0000000743200000, 0x0000000743400000|  0%| F|  |TAMS 0x0000000743200000, 0x0000000743200000| Untracked 
|   6|0x0000000743400000, 0x0000000743400000, 0x0000000743600000|  0%| F|  |TAMS 0x0000000743400000, 0x0000000743400000| Untracked 
|   7|0x0000000743600000, 0x0000000743600000, 0x0000000743800000|  0%| F|  |TAMS 0x0000000743600000, 0x0000000743600000| Untracked 
|   8|0x0000000743800000, 0x0000000743800000, 0x0000000743a00000|  0%| F|  |TAMS 0x0000000743800000, 0x0000000743800000| Untracked 
|   9|0x0000000743a00000, 0x0000000743a00000, 0x0000000743c00000|  0%| F|  |TAMS 0x0000000743a00000, 0x0000000743a00000| Untracked 
|  10|0x0000000743c00000, 0x0000000743c00000, 0x0000000743e00000|  0%| F|  |TAMS 0x0000000743c00000, 0x0000000743c00000| Untracked 
|  11|0x0000000743e00000, 0x0000000743e00000, 0x0000000744000000|  0%| F|  |TAMS 0x0000000743e00000, 0x0000000743e00000| Untracked 
|  12|0x0000000744000000, 0x0000000744000000, 0x0000000744200000|  0%| F|  |TAMS 0x0000000744000000, 0x0000000744000000| Untracked 
|  13|0x0000000744200000, 0x0000000744200000, 0x0000000744400000|  0%| F|  |TAMS 0x0000000744200000, 0x0000000744200000| Untracked 
|  14|0x0000000744400000, 0x0000000744400000, 0x0000000744600000|  0%| F|  |TAMS 0x0000000744400000, 0x0000000744400000| Untracked 
|  15|0x0000000744600000, 0x0000000744600000, 0x0000000744800000|  0%| F|  |TAMS 0x0000000744600000, 0x0000000744600000| Untracked 
|  16|0x0000000744800000, 0x0000000744800000, 0x0000000744a00000|  0%| F|  |TAMS 0x0000000744800000, 0x0000000744800000| Untracked 
|  17|0x0000000744a00000, 0x0000000744a00000, 0x0000000744c00000|  0%| F|  |TAMS 0x0000000744a00000, 0x0000000744a00000| Untracked 
|  18|0x0000000744c00000, 0x0000000744c00000, 0x0000000744e00000|  0%| F|  |TAMS 0x0000000744c00000, 0x0000000744c00000| Untracked 
|  19|0x0000000744e00000, 0x0000000744e00000, 0x0000000745000000|  0%| F|  |TAMS 0x0000000744e00000, 0x0000000744e00000| Untracked 
|  20|0x0000000745000000, 0x0000000745000000, 0x0000000745200000|  0%| F|  |TAMS 0x0000000745000000, 0x0000000745000000| Untracked 
|  21|0x0000000745200000, 0x0000000745200000, 0x0000000745400000|  0%| F|  |TAMS 0x0000000745200000, 0x0000000745200000| Untracked 
|  22|0x0000000745400000, 0x0000000745400000, 0x0000000745600000|  0%| F|  |TAMS 0x0000000745400000, 0x0000000745400000| Untracked 
|  23|0x0000000745600000, 0x0000000745600000, 0x0000000745800000|  0%| F|  |TAMS 0x0000000745600000, 0x0000000745600000| Untracked 
|  24|0x0000000745800000, 0x0000000745800000, 0x0000000745a00000|  0%| F|  |TAMS 0x0000000745800000, 0x0000000745800000| Untracked 
|  25|0x0000000745a00000, 0x0000000745a00000, 0x0000000745c00000|  0%| F|  |TAMS 0x0000000745a00000, 0x0000000745a00000| Untracked 
|  26|0x0000000745c00000, 0x0000000745c00000, 0x0000000745e00000|  0%| F|  |TAMS 0x0000000745c00000, 0x0000000745c00000| Untracked 
|  27|0x0000000745e00000, 0x0000000745e00000, 0x0000000746000000|  0%| F|  |TAMS 0x0000000745e00000, 0x0000000745e00000| Untracked 
|  28|0x0000000746000000, 0x0000000746000000, 0x0000000746200000|  0%| F|  |TAMS 0x0000000746000000, 0x0000000746000000| Untracked 
|  29|0x0000000746200000, 0x0000000746200000, 0x0000000746400000|  0%| F|  |TAMS 0x0000000746200000, 0x0000000746200000| Untracked 
|  30|0x0000000746400000, 0x0000000746400000, 0x0000000746600000|  0%| F|  |TAMS 0x0000000746400000, 0x0000000746400000| Untracked 
|  31|0x0000000746600000, 0x0000000746600000, 0x0000000746800000|  0%| F|  |TAMS 0x0000000746600000, 0x0000000746600000| Untracked 
|  32|0x0000000746800000, 0x0000000746800000, 0x0000000746a00000|  0%| F|  |TAMS 0x0000000746800000, 0x0000000746800000| Untracked 
|  33|0x0000000746a00000, 0x0000000746a00000, 0x0000000746c00000|  0%| F|  |TAMS 0x0000000746a00000, 0x0000000746a00000| Untracked 
|  34|0x0000000746c00000, 0x0000000746c00000, 0x0000000746e00000|  0%| F|  |TAMS 0x0000000746c00000, 0x0000000746c00000| Untracked 
|  35|0x0000000746e00000, 0x0000000746e00000, 0x0000000747000000|  0%| F|  |TAMS 0x0000000746e00000, 0x0000000746e00000| Untracked 
|  36|0x0000000747000000, 0x0000000747000000, 0x0000000747200000|  0%| F|  |TAMS 0x0000000747000000, 0x0000000747000000| Untracked 
|  37|0x0000000747200000, 0x0000000747200000, 0x0000000747400000|  0%| F|  |TAMS 0x0000000747200000, 0x0000000747200000| Untracked 
|  38|0x0000000747400000, 0x0000000747400000, 0x0000000747600000|  0%| F|  |TAMS 0x0000000747400000, 0x0000000747400000| Untracked 
|  39|0x0000000747600000, 0x0000000747600000, 0x0000000747800000|  0%| F|  |TAMS 0x0000000747600000, 0x0000000747600000| Untracked 
|  40|0x0000000747800000, 0x0000000747800000, 0x0000000747a00000|  0%| F|  |TAMS 0x0000000747800000, 0x0000000747800000| Untracked 
|  41|0x0000000747a00000, 0x0000000747a00000, 0x0000000747c00000|  0%| F|  |TAMS 0x0000000747a00000, 0x0000000747a00000| Untracked 
|  42|0x0000000747c00000, 0x0000000747c00000, 0x0000000747e00000|  0%| F|  |TAMS 0x0000000747c00000, 0x0000000747c00000| Untracked 
|  43|0x0000000747e00000, 0x0000000747e00000, 0x0000000748000000|  0%| F|  |TAMS 0x0000000747e00000, 0x0000000747e00000| Untracked 
|  44|0x0000000748000000, 0x0000000748000000, 0x0000000748200000|  0%| F|  |TAMS 0x0000000748000000, 0x0000000748000000| Untracked 
|  45|0x0000000748200000, 0x0000000748200000, 0x0000000748400000|  0%| F|  |TAMS 0x0000000748200000, 0x0000000748200000| Untracked 
|  46|0x0000000748400000, 0x0000000748400000, 0x0000000748600000|  0%| F|  |TAMS 0x0000000748400000, 0x0000000748400000| Untracked 
|  47|0x0000000748600000, 0x0000000748600000, 0x0000000748800000|  0%| F|  |TAMS 0x0000000748600000, 0x0000000748600000| Untracked 
|  48|0x0000000748800000, 0x0000000748800000, 0x0000000748a00000|  0%| F|  |TAMS 0x0000000748800000, 0x0000000748800000| Untracked 
|  49|0x0000000748a00000, 0x0000000748a00000, 0x0000000748c00000|  0%| F|  |TAMS 0x0000000748a00000, 0x0000000748a00000| Untracked 
|  50|0x0000000748c00000, 0x0000000748c00000, 0x0000000748e00000|  0%| F|  |TAMS 0x0000000748c00000, 0x0000000748c00000| Untracked 
|  51|0x0000000748e00000, 0x0000000748e00000, 0x0000000749000000|  0%| F|  |TAMS 0x0000000748e00000, 0x0000000748e00000| Untracked 
|  52|0x0000000749000000, 0x0000000749000000, 0x0000000749200000|  0%| F|  |TAMS 0x0000000749000000, 0x0000000749000000| Untracked 
|  53|0x0000000749200000, 0x0000000749200000, 0x0000000749400000|  0%| F|  |TAMS 0x0000000749200000, 0x0000000749200000| Untracked 
|  54|0x0000000749400000, 0x0000000749400000, 0x0000000749600000|  0%| F|  |TAMS 0x0000000749400000, 0x0000000749400000| Untracked 
|  55|0x0000000749600000, 0x0000000749600000, 0x0000000749800000|  0%| F|  |TAMS 0x0000000749600000, 0x0000000749600000| Untracked 
|  56|0x0000000749800000, 0x0000000749800000, 0x0000000749a00000|  0%| F|  |TAMS 0x0000000749800000, 0x0000000749800000| Untracked 
|  57|0x0000000749a00000, 0x0000000749a00000, 0x0000000749c00000|  0%| F|  |TAMS 0x0000000749a00000, 0x0000000749a00000| Untracked 
|  58|0x0000000749c00000, 0x0000000749c00000, 0x0000000749e00000|  0%| F|  |TAMS 0x0000000749c00000, 0x0000000749c00000| Untracked 
|  59|0x0000000749e00000, 0x0000000749e00000, 0x000000074a000000|  0%| F|  |TAMS 0x0000000749e00000, 0x0000000749e00000| Untracked 
|  60|0x000000074a000000, 0x000000074a000000, 0x000000074a200000|  0%| F|  |TAMS 0x000000074a000000, 0x000000074a000000| Untracked 
|  61|0x000000074a200000, 0x000000074a200000, 0x000000074a400000|  0%| F|  |TAMS 0x000000074a200000, 0x000000074a200000| Untracked 
|  62|0x000000074a400000, 0x000000074a400000, 0x000000074a600000|  0%| F|  |TAMS 0x000000074a400000, 0x000000074a400000| Untracked 
|  63|0x000000074a600000, 0x000000074a600000, 0x000000074a800000|  0%| F|  |TAMS 0x000000074a600000, 0x000000074a600000| Untracked 
|  64|0x000000074a800000, 0x000000074a800000, 0x000000074aa00000|  0%| F|  |TAMS 0x000000074a800000, 0x000000074a800000| Untracked 
|  65|0x000000074aa00000, 0x000000074aa00000, 0x000000074ac00000|  0%| F|  |TAMS 0x000000074aa00000, 0x000000074aa00000| Untracked 
|  66|0x000000074ac00000, 0x000000074ac00000, 0x000000074ae00000|  0%| F|  |TAMS 0x000000074ac00000, 0x000000074ac00000| Untracked 
|  67|0x000000074ae00000, 0x000000074ae00000, 0x000000074b000000|  0%| F|  |TAMS 0x000000074ae00000, 0x000000074ae00000| Untracked 
|  68|0x000000074b000000, 0x000000074b000000, 0x000000074b200000|  0%| F|  |TAMS 0x000000074b000000, 0x000000074b000000| Untracked 
|  69|0x000000074b200000, 0x000000074b200000, 0x000000074b400000|  0%| F|  |TAMS 0x000000074b200000, 0x000000074b200000| Untracked 
|  70|0x000000074b400000, 0x000000074b400000, 0x000000074b600000|  0%| F|  |TAMS 0x000000074b400000, 0x000000074b400000| Untracked 
|  71|0x000000074b600000, 0x000000074b600000, 0x000000074b800000|  0%| F|  |TAMS 0x000000074b600000, 0x000000074b600000| Untracked 
|  72|0x000000074b800000, 0x000000074b800000, 0x000000074ba00000|  0%| F|  |TAMS 0x000000074b800000, 0x000000074b800000| Untracked 
|  73|0x000000074ba00000, 0x000000074ba00000, 0x000000074bc00000|  0%| F|  |TAMS 0x000000074ba00000, 0x000000074ba00000| Untracked 
|  74|0x000000074bc00000, 0x000000074bc00000, 0x000000074be00000|  0%| F|  |TAMS 0x000000074bc00000, 0x000000074bc00000| Untracked 
|  75|0x000000074be00000, 0x000000074be00000, 0x000000074c000000|  0%| F|  |TAMS 0x000000074be00000, 0x000000074be00000| Untracked 
|  76|0x000000074c000000, 0x000000074c000000, 0x000000074c200000|  0%| F|  |TAMS 0x000000074c000000, 0x000000074c000000| Untracked 
|  77|0x000000074c200000, 0x000000074c200000, 0x000000074c400000|  0%| F|  |TAMS 0x000000074c200000, 0x000000074c200000| Untracked 
|  78|0x000000074c400000, 0x000000074c400000, 0x000000074c600000|  0%| F|  |TAMS 0x000000074c400000, 0x000000074c400000| Untracked 
|  79|0x000000074c600000, 0x000000074c600000, 0x000000074c800000|  0%| F|  |TAMS 0x000000074c600000, 0x000000074c600000| Untracked 
|  80|0x000000074c800000, 0x000000074c800000, 0x000000074ca00000|  0%| F|  |TAMS 0x000000074c800000, 0x000000074c800000| Untracked 
|  81|0x000000074ca00000, 0x000000074ca00000, 0x000000074cc00000|  0%| F|  |TAMS 0x000000074ca00000, 0x000000074ca00000| Untracked 
|  82|0x000000074cc00000, 0x000000074cc00000, 0x000000074ce00000|  0%| F|  |TAMS 0x000000074cc00000, 0x000000074cc00000| Untracked 
|  83|0x000000074ce00000, 0x000000074ce00000, 0x000000074d000000|  0%| F|  |TAMS 0x000000074ce00000, 0x000000074ce00000| Untracked 
|  84|0x000000074d000000, 0x000000074d000000, 0x000000074d200000|  0%| F|  |TAMS 0x000000074d000000, 0x000000074d000000| Untracked 
|  85|0x000000074d200000, 0x000000074d200000, 0x000000074d400000|  0%| F|  |TAMS 0x000000074d200000, 0x000000074d200000| Untracked 
|  86|0x000000074d400000, 0x000000074d400000, 0x000000074d600000|  0%| F|  |TAMS 0x000000074d400000, 0x000000074d400000| Untracked 
|  87|0x000000074d600000, 0x000000074d7ab288, 0x000000074d800000| 83%| E|  |TAMS 0x000000074d600000, 0x000000074d600000| Complete 
|  88|0x000000074d800000, 0x000000074da00000, 0x000000074da00000|100%| E|CS|TAMS 0x000000074d800000, 0x000000074d800000| Complete 
|  89|0x000000074da00000, 0x000000074dc00000, 0x000000074dc00000|100%| E|CS|TAMS 0x000000074da00000, 0x000000074da00000| Complete 
|  90|0x000000074dc00000, 0x000000074dc8e400, 0x000000074de00000| 27%| S|CS|TAMS 0x000000074dc00000, 0x000000074dc00000| Complete 
|  91|0x000000074de00000, 0x000000074e000000, 0x000000074e000000|100%| E|CS|TAMS 0x000000074de00000, 0x000000074de00000| Complete 
|  92|0x000000074e000000, 0x000000074e200000, 0x000000074e200000|100%| E|CS|TAMS 0x000000074e000000, 0x000000074e000000| Complete 
|  93|0x000000074e200000, 0x000000074e400000, 0x000000074e400000|100%| E|CS|TAMS 0x000000074e200000, 0x000000074e200000| Complete 
|  94|0x000000074e400000, 0x000000074e600000, 0x000000074e600000|100%| E|CS|TAMS 0x000000074e400000, 0x000000074e400000| Complete 

Card table byte_map: [0x000001e96b4c0000,0x000001e96bab0000] _byte_map_base: 0x000001e967aac000

Marking Bits (Prev, Next): (CMBitMap*) 0x000001e9546091d0, (CMBitMap*) 0x000001e954609210
 Prev Bits: [0x000001e96c0a0000, 0x000001e96f000000)
 Next Bits: [0x000001e96f000000, 0x000001e971f60000)

Polling page: 0x000001e953d60000

Metaspace:

Usage:
  Non-class:      6.74 MB used.
      Class:    932.95 KB used.
       Both:      7.65 MB used.

Virtual space:
  Non-class space:       64.00 MB reserved,       6.88 MB ( 11%) committed,  1 nodes.
      Class space:        1.00 GB reserved,       1.00 MB ( <1%) committed,  1 nodes.
             Both:        1.06 GB reserved,       7.88 MB ( <1%) committed. 

Chunk freelists:
   Non-Class:  368.00 KB
       Class:  2.85 MB
        Both:  3.21 MB

MaxMetaspaceSize: unlimited
CompressedClassSpaceSize: 1.00 GB
Initial GC threshold: 21.00 MB
Current GC threshold: 21.00 MB
CDS: on
MetaspaceReclaimPolicy: balanced
 - commit_granule_bytes: 65536.
 - commit_granule_words: 8192.
 - virtual_space_node_default_size: 8388608.
 - enlarge_chunks_in_place: 1.
 - new_chunks_are_fully_committed: 0.
 - uncommit_free_chunks: 1.
 - use_allocation_guard: 0.


Internal statistics:

num_allocs_failed_limit: 0.
num_arena_births: 108.
num_arena_deaths: 0.
num_vsnodes_births: 2.
num_vsnodes_deaths: 0.
num_space_committed: 126.
num_space_uncommitted: 0.
num_chunks_returned_to_freelist: 0.
num_chunks_taken_from_freelist: 366.
num_chunk_merges: 0.
num_chunk_splits: 211.
num_chunks_enlarged: 146.
num_inconsistent_stats: 0.

CodeHeap 'non-profiled nmethods': size=120000Kb used=489Kb max_used=489Kb free=119510Kb
 bounds [0x000001e9639a0000, 0x000001e963c10000, 0x000001e96aed0000]
CodeHeap 'profiled nmethods': size=120000Kb used=3019Kb max_used=3019Kb free=116980Kb
 bounds [0x000001e95c470000, 0x000001e95c770000, 0x000001e9639a0000]
CodeHeap 'non-nmethods': size=5760Kb used=1167Kb max_used=1192Kb free=4592Kb
 bounds [0x000001e95bed0000, 0x000001e95c140000, 0x000001e95c470000]
 total_blobs=1938 nmethods=1488 adapters=363
 compilation: enabled
              stopped_count=0, restarted_count=0
 full_count=0

Compilation events (20 events):
Event: 1.399 Thread 0x000001e9743fc420 1433       1       org.springframework.core.annotation.AnnotationTypeMapping::getAttributes (5 bytes)
Event: 1.400 Thread 0x000001e9743fc420 nmethod 1433 0x000001e963a17810 code [0x000001e963a179a0, 0x000001e963a17a78]
Event: 1.400 Thread 0x000001e9743fc420 1434       3       java.lang.invoke.LambdaForm$MH/0x0000000800c24800::invoke (25 bytes)
Event: 1.400 Thread 0x000001e9743fc420 nmethod 1434 0x000001e95c72da90 code [0x000001e95c72dc60, 0x000001e95c72e1b8]
Event: 1.400 Thread 0x000001e9743fc420 1435       3       java.lang.invoke.DirectMethodHandle$Holder::invokeSpecial (15 bytes)
Event: 1.400 Thread 0x000001e9743fc420 nmethod 1435 0x000001e95c72e310 code [0x000001e95c72e4e0, 0x000001e95c72ea58]
Event: 1.403 Thread 0x000001e9743fc420 1436       3       java.lang.invoke.Invokers$Holder::invokeExact_MT (23 bytes)
Event: 1.403 Thread 0x000001e9743fc420 nmethod 1436 0x000001e95c72eb90 code [0x000001e95c72eda0, 0x000001e95c72f618]
Event: 1.403 Thread 0x000001e9743fc420 1437       3       java.lang.invoke.MethodHandles$Lookup$ClassDefiner::<init> (58 bytes)
Event: 1.403 Thread 0x000001e9743fc420 nmethod 1437 0x000001e95c72f810 code [0x000001e95c72f9c0, 0x000001e95c72fc78]
Event: 1.403 Thread 0x000001e9743fc420 1438       3       java.lang.invoke.MethodHandles$Lookup$ClassDefiner::defineClass (97 bytes)
Event: 1.404 Thread 0x000001e9743fc420 nmethod 1438 0x000001e95c72fd90 code [0x000001e95c72ffa0, 0x000001e95c7306d8]
Event: 1.404 Thread 0x000001e9743fc420 1439       3       java.lang.System$2::defineClass (21 bytes)
Event: 1.404 Thread 0x000001e9743fc420 nmethod 1439 0x000001e95c730a10 code [0x000001e95c730bc0, 0x000001e95c730d48]
Event: 1.404 Thread 0x000001e9743fc420 1442       3       java.util.HashMap::containsKey (14 bytes)
Event: 1.404 Thread 0x000001e9743fc420 nmethod 1442 0x000001e95c730e10 code [0x000001e95c730fc0, 0x000001e95c731168]
Event: 1.404 Thread 0x000001e9743fc420 1441       3       java.lang.Class::isAnnotation (17 bytes)
Event: 1.404 Thread 0x000001e9743fc420 nmethod 1441 0x000001e95c731210 code [0x000001e95c7313a0, 0x000001e95c731538]
Event: 1.405 Thread 0x000001e9743fc420 1443       3       java.lang.invoke.LambdaForm$MH/0x0000000800c24c00::invoke (35 bytes)
Event: 1.405 Thread 0x000001e9743fc420 nmethod 1443 0x000001e95c731610 code [0x000001e95c731800, 0x000001e95c731f08]

GC Heap History (4 events):
Event: 0.700 GC heap before
{Heap before GC invocations=0 (full 0):
 garbage-first heap   total 194560K, used 10240K [0x0000000742800000, 0x0000000800000000)
  region size 2048K, 6 young (12288K), 0 survivors (0K)
 Metaspace       used 1890K, committed 2048K, reserved 1114112K
  class space    used 171K, committed 256K, reserved 1048576K
}
Event: 0.707 GC heap after
{Heap after GC invocations=1 (full 0):
 garbage-first heap   total 194560K, used 7291K [0x0000000742800000, 0x0000000800000000)
  region size 2048K, 1 young (2048K), 1 survivors (2048K)
 Metaspace       used 1890K, committed 2048K, reserved 1114112K
  class space    used 171K, committed 256K, reserved 1048576K
}
Event: 0.997 GC heap before
{Heap before GC invocations=1 (full 0):
 garbage-first heap   total 194560K, used 15483K [0x0000000742800000, 0x0000000800000000)
  region size 2048K, 5 young (10240K), 1 survivors (2048K)
 Metaspace       used 4104K, committed 4288K, reserved 1114112K
  class space    used 471K, committed 576K, reserved 1048576K
}
Event: 0.999 GC heap after
{Heap after GC invocations=2 (full 0):
 garbage-first heap   total 194560K, used 7940K [0x0000000742800000, 0x0000000800000000)
  region size 2048K, 1 young (2048K), 1 survivors (2048K)
 Metaspace       used 4104K, committed 4288K, reserved 1114112K
  class space    used 471K, committed 576K, reserved 1048576K
}

Deoptimization events (20 events):
Event: 1.278 Thread 0x000001e9545ac5a0 Uncommon trap: trap_request=0xffffff45 fr.pc=0x000001e9639e6818 relative=0x0000000000000098
Event: 1.278 Thread 0x000001e9545ac5a0 Uncommon trap: reason=unstable_if action=reinterpret pc=0x000001e9639e6818 method=java.util.HashMap.hash(Ljava/lang/Object;)I @ 1 c2
Event: 1.278 Thread 0x000001e9545ac5a0 DEOPT PACKING pc=0x000001e9639e6818 sp=0x00000001da4fc890
Event: 1.278 Thread 0x000001e9545ac5a0 DEOPT UNPACKING pc=0x000001e95bf223a3 sp=0x00000001da4fc828 mode 2
Event: 1.280 Thread 0x000001e9545ac5a0 Uncommon trap: trap_request=0xffffffde fr.pc=0x000001e9639ddfb0 relative=0x00000000000001b0
Event: 1.280 Thread 0x000001e9545ac5a0 Uncommon trap: reason=class_check action=maybe_recompile pc=0x000001e9639ddfb0 method=java.lang.String.equals(Ljava/lang/Object;)Z @ 8 c2
Event: 1.280 Thread 0x000001e9545ac5a0 DEOPT PACKING pc=0x000001e9639ddfb0 sp=0x00000001da4fcfd0
Event: 1.280 Thread 0x000001e9545ac5a0 DEOPT UNPACKING pc=0x000001e95bf223a3 sp=0x00000001da4fcf78 mode 2
Event: 1.284 Thread 0x000001e9545ac5a0 Uncommon trap: trap_request=0xffffffde fr.pc=0x000001e9639ddfb0 relative=0x00000000000001b0
Event: 1.284 Thread 0x000001e9545ac5a0 Uncommon trap: reason=class_check action=maybe_recompile pc=0x000001e9639ddfb0 method=java.lang.String.equals(Ljava/lang/Object;)Z @ 8 c2
Event: 1.284 Thread 0x000001e9545ac5a0 DEOPT PACKING pc=0x000001e9639ddfb0 sp=0x00000001da4fcfd0
Event: 1.284 Thread 0x000001e9545ac5a0 DEOPT UNPACKING pc=0x000001e95bf223a3 sp=0x00000001da4fcf78 mode 2
Event: 1.284 Thread 0x000001e9545ac5a0 Uncommon trap: trap_request=0xffffffde fr.pc=0x000001e9639ddfb0 relative=0x00000000000001b0
Event: 1.284 Thread 0x000001e9545ac5a0 Uncommon trap: reason=class_check action=maybe_recompile pc=0x000001e9639ddfb0 method=java.lang.String.equals(Ljava/lang/Object;)Z @ 8 c2
Event: 1.284 Thread 0x000001e9545ac5a0 DEOPT PACKING pc=0x000001e9639ddfb0 sp=0x00000001da4fcfd0
Event: 1.284 Thread 0x000001e9545ac5a0 DEOPT UNPACKING pc=0x000001e95bf223a3 sp=0x00000001da4fcf78 mode 2
Event: 1.286 Thread 0x000001e9545ac5a0 Uncommon trap: trap_request=0xffffffde fr.pc=0x000001e9639ddfb0 relative=0x00000000000001b0
Event: 1.286 Thread 0x000001e9545ac5a0 Uncommon trap: reason=class_check action=maybe_recompile pc=0x000001e9639ddfb0 method=java.lang.String.equals(Ljava/lang/Object;)Z @ 8 c2
Event: 1.286 Thread 0x000001e9545ac5a0 DEOPT PACKING pc=0x000001e9639ddfb0 sp=0x00000001da4fcfd0
Event: 1.286 Thread 0x000001e9545ac5a0 DEOPT UNPACKING pc=0x000001e95bf223a3 sp=0x00000001da4fcf78 mode 2

Classes loaded (20 events):
Event: 1.248 Loading class java/util/concurrent/ConcurrentLinkedDeque
Event: 1.248 Loading class java/util/concurrent/ConcurrentLinkedDeque done
Event: 1.248 Loading class java/util/concurrent/ConcurrentLinkedDeque$Node
Event: 1.248 Loading class java/util/concurrent/ConcurrentLinkedDeque$Node done
Event: 1.251 Loading class java/util/NoSuchElementException
Event: 1.251 Loading class java/util/NoSuchElementException done
Event: 1.299 Loading class java/util/AbstractList$ListItr
Event: 1.299 Loading class java/util/AbstractList$Itr
Event: 1.299 Loading class java/util/AbstractList$Itr done
Event: 1.299 Loading class java/util/AbstractList$ListItr done
Event: 1.303 Loading class java/lang/ThreadLocal$SuppliedThreadLocal
Event: 1.303 Loading class java/lang/ThreadLocal$SuppliedThreadLocal done
Event: 1.321 Loading class java/nio/file/NoSuchFileException
Event: 1.321 Loading class java/nio/file/FileSystemException
Event: 1.321 Loading class java/nio/file/FileSystemException done
Event: 1.321 Loading class java/nio/file/NoSuchFileException done
Event: 1.357 Loading class java/lang/FunctionalInterface
Event: 1.357 Loading class java/lang/FunctionalInterface done
Event: 1.397 Loading class java/util/RegularEnumSet$EnumSetIterator
Event: 1.397 Loading class java/util/RegularEnumSet$EnumSetIterator done

Classes unloaded (0 events):
No events

Classes redefined (0 events):
No events

Internal exceptions (20 events):
Event: 0.950 Thread 0x000001e9545ac5a0 Exception <a 'java/lang/NoSuchMethodError'{0x000000074dedb658}: 'java.lang.Object java.lang.invoke.DirectMethodHandle$Holder.invokeStatic(java.lang.Object, java.lang.Object, int)'> (0x000000074dedb658) 
thrown [s\open\src\hotspot\share\interpreter\linkResolver.cpp, line 766]
Event: 0.961 Thread 0x000001e9545ac5a0 Exception <a 'java/lang/NoSuchMethodError'{0x000000074df2fbd8}: 'void java.lang.invoke.DirectMethodHandle$Holder.invokeSpecial(java.lang.Object, java.lang.Object, java.lang.Object, java.lang.Object, java.lang.Object)'> (0x000000074df2fbd8) 
thrown [s\open\src\hotspot\share\interpreter\linkResolver.cpp, line 766]
Event: 0.966 Thread 0x000001e9545ac5a0 Exception <a 'java/lang/NoSuchMethodError'{0x000000074df5a170}: 'int java.lang.invoke.DirectMethodHandle$Holder.invokeStatic(java.lang.Object, java.lang.Object, java.lang.Object, java.lang.Object)'> (0x000000074df5a170) 
thrown [s\open\src\hotspot\share\interpreter\linkResolver.cpp, line 766]
Event: 0.967 Thread 0x000001e9545ac5a0 Exception <a 'java/lang/NoSuchMethodError'{0x000000074df61420}: 'int java.lang.invoke.DirectMethodHandle$Holder.invokeInterface(java.lang.Object, java.lang.Object)'> (0x000000074df61420) 
thrown [s\open\src\hotspot\share\interpreter\linkResolver.cpp, line 766]
Event: 0.985 Thread 0x000001e9545ac5a0 Exception <a 'java/lang/NoSuchMethodError'{0x000000074dfce608}: 'long java.lang.invoke.DirectMethodHandle$Holder.invokeSpecial(java.lang.Object, java.lang.Object)'> (0x000000074dfce608) 
thrown [s\open\src\hotspot\share\interpreter\linkResolver.cpp, line 766]
Event: 0.985 Thread 0x000001e9545ac5a0 Exception <a 'java/lang/NoSuchMethodError'{0x000000074dfd1db8}: 'long java.lang.invoke.Invokers$Holder.invokeExact_MT(java.lang.Object, java.lang.Object)'> (0x000000074dfd1db8) 
thrown [s\open\src\hotspot\share\interpreter\linkResolver.cpp, line 766]
Event: 1.001 Thread 0x000001e9545ac5a0 Exception <a 'java/lang/NoSuchMethodError'{0x000000074e407cc8}: 'java.lang.Object java.lang.invoke.DirectMethodHandle$Holder.newInvokeSpecial(java.lang.Object, java.lang.Object, int)'> (0x000000074e407cc8) 
thrown [s\open\src\hotspot\share\interpreter\linkResolver.cpp, line 766]
Event: 1.011 Thread 0x000001e9545ac5a0 Exception <a 'java/lang/NoSuchMethodError'{0x000000074e4542f0}: 'void java.lang.invoke.DirectMethodHandle$Holder.invokeInterface(java.lang.Object, java.lang.Object, java.lang.Object, java.lang.Object)'> (0x000000074e4542f0) 
thrown [s\open\src\hotspot\share\interpreter\linkResolver.cpp, line 766]
Event: 1.012 Thread 0x000001e9545ac5a0 Exception <a 'java/lang/IncompatibleClassChangeError'{0x000000074e457c18}: Found class java.lang.Object, but interface was expected> (0x000000074e457c18) 
thrown [s\open\src\hotspot\share\interpreter\linkResolver.cpp, line 833]
Event: 1.015 Thread 0x000001e9545ac5a0 Exception <a 'java/lang/NoSuchMethodError'{0x000000074e46f748}: 'void java.lang.invoke.DirectMethodHandle$Holder.invokeStatic(java.lang.Object, java.lang.Object, java.lang.Object, java.lang.Object)'> (0x000000074e46f748) 
thrown [s\open\src\hotspot\share\interpreter\linkResolver.cpp, line 766]
Event: 1.024 Thread 0x000001e9545ac5a0 Exception <a 'java/lang/NoSuchMethodError'{0x000000074e4b3c88}: 'java.lang.Object java.lang.invoke.DirectMethodHandle$Holder.invokeStaticInit(java.lang.Object)'> (0x000000074e4b3c88) 
thrown [s\open\src\hotspot\share\interpreter\linkResolver.cpp, line 766]
Event: 1.032 Thread 0x000001e9545ac5a0 Exception <a 'java/lang/NoSuchMethodError'{0x000000074e4ef358}: 'int java.lang.invoke.DirectMethodHandle$Holder.invokeStatic(java.lang.Object, java.lang.Object, java.lang.Object, java.lang.Object, java.lang.Object)'> (0x000000074e4ef358) 
thrown [s\open\src\hotspot\share\interpreter\linkResolver.cpp, line 766]
Event: 1.042 Thread 0x000001e9545ac5a0 Exception <a 'java/lang/NoSuchMethodError'{0x000000074e53ec08}: 'void java.lang.invoke.DirectMethodHandle$Holder.invokeStaticInit(java.lang.Object)'> (0x000000074e53ec08) 
thrown [s\open\src\hotspot\share\interpreter\linkResolver.cpp, line 766]
Event: 1.073 Thread 0x000001e9545ac5a0 Exception <a 'java/lang/NoSuchMethodError'{0x000000074e245820}: 'int java.lang.invoke.DirectMethodHandle$Holder.invokeStaticInit(java.lang.Object, java.lang.Object)'> (0x000000074e245820) 
thrown [s\open\src\hotspot\share\interpreter\linkResolver.cpp, line 766]
Event: 1.163 Thread 0x000001e9545ac5a0 Exception <a 'java/lang/ClassNotFoundException'{0x000000074e106678}: javax/smartcardio/CardPermission> (0x000000074e106678) 
thrown [s\open\src\hotspot\share\classfile\systemDictionary.cpp, line 255]
Event: 1.166 Thread 0x000001e9545ac5a0 Exception <a 'java/io/FileNotFoundException'{0x000000074e115118}> (0x000000074e115118) 
thrown [s\open\src\hotspot\share\prims\jni.cpp, line 516]
Event: 1.231 Thread 0x000001e9545ac5a0 Exception <a 'java/lang/NoSuchMethodError'{0x000000074df07810}: 'org.slf4j.impl.StaticMDCBinder org.slf4j.impl.StaticMDCBinder.getSingleton()'> (0x000000074df07810) 
thrown [s\open\src\hotspot\share\interpreter\linkResolver.cpp, line 766]
Event: 1.244 Thread 0x000001e9545ac5a0 Exception <a 'java/lang/IncompatibleClassChangeError'{0x000000074df6d5f8}: Found class java.lang.Object, but interface was expected> (0x000000074df6d5f8) 
thrown [s\open\src\hotspot\share\interpreter\linkResolver.cpp, line 833]
Event: 1.259 Thread 0x000001e9545ac5a0 Exception <a 'java/lang/NoSuchMethodError'{0x000000074da054b8}: 'int java.lang.invoke.DirectMethodHandle$Holder.invokeStaticInit(java.lang.Object, java.lang.Object, java.lang.Object)'> (0x000000074da054b8) 
thrown [s\open\src\hotspot\share\interpreter\linkResolver.cpp, line 766]
Event: 1.278 Thread 0x000001e9545ac5a0 Implicit null exception at 0x000001e9639e678f to 0x000001e9639e6809

VM Operations (20 events):
Event: 0.208 Executing VM operation: HandshakeAllThreads
Event: 0.208 Executing VM operation: HandshakeAllThreads done
Event: 0.498 Executing VM operation: HandshakeAllThreads
Event: 0.498 Executing VM operation: HandshakeAllThreads done
Event: 0.601 Executing VM operation: HandshakeAllThreads
Event: 0.601 Executing VM operation: HandshakeAllThreads done
Event: 0.700 Executing VM operation: G1CollectForAllocation
Event: 0.707 Executing VM operation: G1CollectForAllocation done
Event: 0.997 Executing VM operation: G1CollectForAllocation
Event: 0.999 Executing VM operation: G1CollectForAllocation done
Event: 1.206 Executing VM operation: HandshakeAllThreads
Event: 1.206 Executing VM operation: HandshakeAllThreads done
Event: 1.211 Executing VM operation: HandshakeAllThreads
Event: 1.211 Executing VM operation: HandshakeAllThreads done
Event: 1.243 Executing VM operation: HandshakeAllThreads
Event: 1.243 Executing VM operation: HandshakeAllThreads done
Event: 1.243 Executing VM operation: HandshakeAllThreads
Event: 1.243 Executing VM operation: HandshakeAllThreads done
Event: 1.292 Executing VM operation: HandshakeAllThreads
Event: 1.292 Executing VM operation: HandshakeAllThreads done

Events (20 events):
Event: 0.034 Loaded shared library C:\Program Files\Java\jdk-18.0.1.1\bin\jsvml.dll
Event: 0.035 Thread 0x000001e9545ac5a0 Thread added: 0x000001e9545ac5a0
Event: 0.038 Thread 0x000001e9743d2c80 Thread added: 0x000001e9743d2c80
Event: 0.038 Thread 0x000001e9743d64a0 Thread added: 0x000001e9743d64a0
Event: 0.053 Thread 0x000001e9743f0050 Thread added: 0x000001e9743f0050
Event: 0.054 Thread 0x000001e9743f1910 Thread added: 0x000001e9743f1910
Event: 0.054 Thread 0x000001e9743f4970 Thread added: 0x000001e9743f4970
Event: 0.054 Thread 0x000001e9743f5220 Thread added: 0x000001e9743f5220
Event: 0.054 Thread 0x000001e9743f9be0 Thread added: 0x000001e9743f9be0
Event: 0.054 Thread 0x000001e9743fc420 Thread added: 0x000001e9743fc420
Event: 0.055 Thread 0x000001e974465870 Thread added: 0x000001e974465870
Event: 0.177 Thread 0x000001e9788863c0 Thread added: 0x000001e9788863c0
Event: 0.184 Thread 0x000001e978898d40 Thread added: 0x000001e978898d40
Event: 0.189 Loaded shared library C:\Program Files\Java\jdk-18.0.1.1\bin\net.dll
Event: 0.192 Loaded shared library C:\Program Files\Java\jdk-18.0.1.1\bin\nio.dll
Event: 0.195 Loaded shared library C:\Program Files\Java\jdk-18.0.1.1\bin\zip.dll
Event: 0.442 Loaded shared library C:\Program Files\Java\jdk-18.0.1.1\bin\jimage.dll
Event: 0.643 Thread 0x000001e978e2fbf0 Thread added: 0x000001e978e2fbf0
Event: 0.658 Thread 0x000001e978e5b690 Thread added: 0x000001e978e5b690
Event: 1.131 Loaded shared library C:\Program Files\Java\jdk-18.0.1.1\bin\verify.dll


Dynamic libraries:
0x00007ff665620000 - 0x00007ff665630000 	C:\Program Files\Java\jdk-18.0.1.1\bin\javaw.exe
0x00007ffeb2d90000 - 0x00007ffeb2f88000 	C:\WINDOWS\SYSTEM32\ntdll.dll
0x00007ffe741a0000 - 0x00007ffe741b7000 	C:\Program Files (x86)\AVG\Antivirus\aswhook.dll
0x00007ffeb12a0000 - 0x00007ffeb135d000 	C:\WINDOWS\System32\KERNEL32.DLL
0x00007ffeb0a90000 - 0x00007ffeb0d5e000 	C:\WINDOWS\System32\KERNELBASE.dll
0x00007ffeb05c0000 - 0x00007ffeb06c0000 	C:\WINDOWS\System32\ucrtbase.dll
0x00007ffe97ba0000 - 0x00007ffe97bb8000 	C:\Program Files\Java\jdk-18.0.1.1\bin\jli.dll
0x00007ffeb1600000 - 0x00007ffeb16ae000 	C:\WINDOWS\System32\ADVAPI32.dll
0x00007ffeb25a0000 - 0x00007ffeb263e000 	C:\WINDOWS\System32\msvcrt.dll
0x00007ffeb1a20000 - 0x00007ffeb1abc000 	C:\WINDOWS\System32\sechost.dll
0x00007ffeb1bf0000 - 0x00007ffeb1d15000 	C:\WINDOWS\System32\RPCRT4.dll
0x00007ffeb1070000 - 0x00007ffeb1210000 	C:\WINDOWS\System32\USER32.dll
0x00007ffeb0a60000 - 0x00007ffeb0a82000 	C:\WINDOWS\System32\win32u.dll
0x00007ffeb1390000 - 0x00007ffeb13ba000 	C:\WINDOWS\System32\GDI32.dll
0x00007ffeb04b0000 - 0x00007ffeb05bb000 	C:\WINDOWS\System32\gdi32full.dll
0x00007ffeb08c0000 - 0x00007ffeb095d000 	C:\WINDOWS\System32\msvcp_win.dll
0x00007ffe97a80000 - 0x00007ffe97a9a000 	C:\Program Files\Java\jdk-18.0.1.1\bin\VCRUNTIME140.dll
0x00007ffe9e0c0000 - 0x00007ffe9e35a000 	C:\WINDOWS\WinSxS\amd64_microsoft.windows.common-controls_6595b64144ccf1df_6.0.19041.1110_none_60b5254171f9507e\COMCTL32.dll
0x00007ffea77c0000 - 0x00007ffea77ca000 	C:\WINDOWS\SYSTEM32\VERSION.dll
0x00007ffeb1360000 - 0x00007ffeb1390000 	C:\WINDOWS\System32\IMM32.DLL
0x00007ffe97a00000 - 0x00007ffe97a0c000 	C:\Program Files\Java\jdk-18.0.1.1\bin\vcruntime140_1.dll
0x00007ffe71d50000 - 0x00007ffe71ddd000 	C:\Program Files\Java\jdk-18.0.1.1\bin\msvcp140.dll
0x00007ffe57b80000 - 0x00007ffe58790000 	C:\Program Files\Java\jdk-18.0.1.1\bin\server\jvm.dll
0x00007ffeb0ed0000 - 0x00007ffeb0ed8000 	C:\WINDOWS\System32\PSAPI.DLL
0x00007ffeaec30000 - 0x00007ffeaec39000 	C:\WINDOWS\SYSTEM32\WSOCK32.dll
0x00007ffea0db0000 - 0x00007ffea0dd7000 	C:\WINDOWS\SYSTEM32\WINMM.dll
0x00007ffeb2b30000 - 0x00007ffeb2b9b000 	C:\WINDOWS\System32\WS2_32.dll
0x00007ffeaed90000 - 0x00007ffeaeda2000 	C:\WINDOWS\SYSTEM32\kernel.appcore.dll
0x00007ffe979f0000 - 0x00007ffe979fa000 	C:\Program Files\Java\jdk-18.0.1.1\bin\jimage.dll
0x00007ffeae270000 - 0x00007ffeae454000 	C:\WINDOWS\SYSTEM32\DBGHELP.DLL
0x00007ffea29c0000 - 0x00007ffea29ec000 	C:\WINDOWS\SYSTEM32\dbgcore.DLL
0x00007ffeb0d60000 - 0x00007ffeb0de2000 	C:\WINDOWS\System32\bcryptPrimitives.dll
0x00007ffe84240000 - 0x00007ffe84265000 	C:\Program Files\Java\jdk-18.0.1.1\bin\java.dll
0x00007ffe71c20000 - 0x00007ffe71cf6000 	C:\Program Files\Java\jdk-18.0.1.1\bin\jsvml.dll
0x00007ffeb1d20000 - 0x00007ffeb2464000 	C:\WINDOWS\System32\SHELL32.dll
0x00007ffeae460000 - 0x00007ffeaebf4000 	C:\WINDOWS\SYSTEM32\windows.storage.dll
0x00007ffeb16b0000 - 0x00007ffeb1a04000 	C:\WINDOWS\System32\combase.dll
0x00007ffeaff10000 - 0x00007ffeaff40000 	C:\WINDOWS\SYSTEM32\Wldp.dll
0x00007ffeb1550000 - 0x00007ffeb15fd000 	C:\WINDOWS\System32\SHCORE.dll
0x00007ffeb2470000 - 0x00007ffeb24c5000 	C:\WINDOWS\System32\shlwapi.dll
0x00007ffeb03f0000 - 0x00007ffeb040f000 	C:\WINDOWS\SYSTEM32\profapi.dll
0x00007ffe974b0000 - 0x00007ffe974c3000 	C:\Program Files\Java\jdk-18.0.1.1\bin\net.dll
0x00007ffea1600000 - 0x00007ffea170a000 	C:\WINDOWS\SYSTEM32\WINHTTP.dll
0x00007ffeafc70000 - 0x00007ffeafcda000 	C:\WINDOWS\system32\mswsock.dll
0x00007ffe96f00000 - 0x00007ffe96f16000 	C:\Program Files\Java\jdk-18.0.1.1\bin\nio.dll
0x00007ffe92670000 - 0x00007ffe92688000 	C:\Program Files\Java\jdk-18.0.1.1\bin\zip.dll
0x00007ffeaf910000 - 0x00007ffeaf94b000 	C:\WINDOWS\SYSTEM32\IPHLPAPI.DLL
0x00007ffeb1420000 - 0x00007ffeb1428000 	C:\WINDOWS\System32\NSI.dll
0x00007ffea6af0000 - 0x00007ffea6b07000 	C:\WINDOWS\SYSTEM32\dhcpcsvc6.DLL
0x00007ffea8120000 - 0x00007ffea813d000 	C:\WINDOWS\SYSTEM32\dhcpcsvc.DLL
0x00007ffeaf950000 - 0x00007ffeafa1a000 	C:\WINDOWS\SYSTEM32\DNSAPI.dll
0x00007ffe972e0000 - 0x00007ffe972f0000 	C:\Program Files\Java\jdk-18.0.1.1\bin\verify.dll

dbghelp: loaded successfully - version: 4.0.5 - missing functions: none
symbol engine: initialized successfully - sym options: 0x614 - pdb path: .;C:\Program Files\Java\jdk-18.0.1.1\bin;C:\WINDOWS\SYSTEM32;C:\Program Files (x86)\AVG\Antivirus;C:\WINDOWS\WinSxS\amd64_microsoft.windows.common-controls_6595b64144ccf1df_6.0.19041.1110_none_60b5254171f9507e;C:\Program Files\Java\jdk-18.0.1.1\bin\server

VM Arguments:
jvm_args: -ea -Dfile.encoding=UTF-8 -XX:+ShowCodeDetailsInExceptionMessages 
java_command: org.eclipse.jdt.internal.junit.runner.RemoteTestRunner -version 3 -port 59718 -testLoaderClass org.eclipse.jdt.internal.junit5.runner.JUnit5TestLoader -loaderpluginname org.eclipse.jdt.junit5.runtime -classNames com.open.picom.UtilisateurRestControllerTest
java_class_path (initial): C:\Users\Eric\eclipse-workspace\picom-backend\target\test-classes;C:\Users\Eric\eclipse-workspace\picom-backend\target\classes;C:\Users\Eric\.m2\repository\org\springframework\boot\spring-boot-starter-actuator\2.7.3\spring-boot-starter-actuator-2.7.3.jar;C:\Users\Eric\.m2\repository\org\springframework\boot\spring-boot-starter\2.7.3\spring-boot-starter-2.7.3.jar;C:\Users\Eric\.m2\repository\org\springframework\boot\spring-boot-starter-logging\2.7.3\spring-boot-starter-logging-2.7.3.jar;C:\Users\Eric\.m2\repository\ch\qos\logback\logback-classic\1.2.11\logback-classic-1.2.11.jar;C:\Users\Eric\.m2\repository\ch\qos\logback\logback-core\1.2.11\logback-core-1.2.11.jar;C:\Users\Eric\.m2\repository\org\apache\logging\log4j\log4j-to-slf4j\2.17.2\log4j-to-slf4j-2.17.2.jar;C:\Users\Eric\.m2\repository\org\apache\logging\log4j\log4j-api\2.17.2\log4j-api-2.17.2.jar;C:\Users\Eric\.m2\repository\org\slf4j\jul-to-slf4j\1.7.36\jul-to-slf4j-1.7.36.jar;C:\Users\Eric\.m2\repository\jakarta\annotation\jakarta.annotation-api\1.3.5\jakarta.annotation-api-1.3.5.jar;C:\Users\Eric\.m2\repository\org\yaml\snakeyaml\1.30\snakeyaml-1.30.jar;C:\Users\Eric\.m2\repository\org\springframework\boot\spring-boot-actuator-autoconfigure\2.7.3\spring-boot-actuator-autoconfigure-2.7.3.jar;C:\Users\Eric\.m2\repository\org\springframework\boot\spring-boot-actuator\2.7.3\spring-boot-actuator-2.7.3.jar;C:\Users\Eric\.m2\repository\com\fasterxml\jackson\core\jackson-databind\2.13.3\jackson-databind-2.13.3.jar;C:\Users\Eric\.m2\repository\com\fasterxml\jackson\core\jackson-annotations\2.13.3\jackson-annotations-2.13.3.jar;C:\Users\Eric\.m2\repository\com\fasterxml\jackson\datatype\jackson-datatype-jsr310\2.13.3\jackson-datatype-jsr310-2.13.3.jar;C:\Users\Eric\.m2\repository\io\micrometer\micrometer-core\1.9.3\micrometer-core-1.9.3.jar;C:\Users\Eric\.m2\repository\org\hdrhistogram\HdrHistogram\2.1.12\HdrHistogram-2.1.12.jar;C:\Users\Eric\.m2\repository\org\latencyutils\LatencyUtils\2.0.3\LatencyUtils-2.0.3.jar;C:\Users\Eric\.m2\repository\org\springframework\boot\spring-boot-starter-data-jpa\2.7.3\spring-boot-starter-data-jpa-2.7.3.jar;C:\Users\Eric\.m2\repository\org\springframework\boot\spring-boot-starter-aop\2.7.3\spring-boot-starter-aop-2.7.3.jar;C:\Users\Eric\.m2\repository\org\springframework\spring-aop\5.3.22\spring-aop-5.3.22.jar;C:\Users\Eric\.m2\repository\org\aspectj\aspectjweaver\1.9.7\aspectjweaver-1.9.7.jar;C:\Users\Eric\.m2\repository\org\springframework\boot\spring-boot-starter-jdbc\2.7.3\spring-boot-starter-jdbc-2.7.3.jar;C:\Users\Eric\.m2\repository\com\zaxxer\HikariCP\4.0.3\HikariCP-4.0.3.jar;C:\Users\Eric\.m2\repository\org\springframework\spring-jdbc\5.3.22\spring-jdbc-5.3.22.jar;C:\Users\Eric\.m2\repository\jakarta\transaction\jakarta.transaction-api\1.3.3\jakarta.transaction-api-1.3.3.jar;C:\Users\Eric\.m2\repository\jakarta\persistence\jakarta.persistence-api\2.2.3\jakarta.persistence-api-2.2.3.jar;C:\Users\Eric\.m2\repository\org\hibernate\hibernate-core\5.6.10.Final\hibernate-core-5.6.10.Final.jar;C:\Users\Eric\.m2\repository\org\jboss\logging\jboss-logging\3.4.3.Final\jboss-logging-3.4.3.Final.jar;C:\Users\Eric\.m2\repository\net\bytebuddy\byte-buddy\1.12.13\byte-buddy-1.12.13.jar;C:\Users\Eric\.m2\repository\antlr\antlr\2.7.7\antlr-2.7.7.jar;C:\Users\Eric\.m2\repository\org\jboss\jandex\2.4.2.Final\jandex-2.4.2.Final.jar;C:\Users\Eric\.m2\repository\com\fasterxml\classmate\1.5.1\classmate-1.5.1.jar;C:\Users\Eric\.m2\repository\org\hibernate\common\hibernate-commons-annotations\5.1.2.Final\hibernate-commons-annotations-5.1.2.Final.jar;C:\Users\Eric\.m2\repository\org\glassfish\jaxb\jaxb-runtime\2.3.6\jaxb-runtime-2.3.6.jar;C:\Users\Eric\.m2\repository\org\glassfish\jaxb\txw2\2.3.6\txw2-2.3.6.jar;C:\Users\Eric\.m2\repository\com\sun\istack\istack-commons-runtime\3.0.12\istack-commons-runtime-3.0.12.jar;C:\Users\Eric\.m2\repository\com\sun\activation\jakarta.activation\1.2.2\jakarta.activation-1.2.2.jar;C:\Users\Eric\.m2\repository\org\springframework\data\spring-data-jpa\2.7.2\spring-data-jpa-2.7.2.jar;C:\Users\Eric\.m2\repository\org\springframework\data\spring-data-commons\2.7.2\spring-data-commons-2.7.2.jar;C:\Users\Eric\.m2\repository\org\springframework\spring-orm\5.3.22\spring-orm-5.3.22.jar;C:\Users\Eric\.m2\repository\org\springframework\spring-context\5.3.22\spring-context-5.3.22.jar;C:\Users\Eric\.m2\repository\org\springframework\spring-tx\5.3.22\spring-tx-5.3.22.jar;C:\Users\Eric\.m2\repository\org\springframework\spring-beans\5.3.22\spring-beans-5.3.22.jar;C:\Users\Eric\.m2\repository\org\slf4j\slf4j-api\1.7.36\slf4j-api-1.7.36.jar;C:\Users\Eric\.m2\repository\org\springframework\spring-aspects\5.3.22\spring-aspects-5.3.22.jar;C:\Users\Eric\.m2\repository\org\springframework\boot\spring-boot-starter-validation\2.7.3\spring-boot-starter-validation-2.7.3.jar;C:\Users\Eric\.m2\repository\org\apache\tomcat\embed\tomcat-embed-el\9.0.65\tomcat-embed-el-9.0.65.jar;C:\Users\Eric\.m2\repository\org\hibernate\validator\hibernate-validator\6.2.4.Final\hibernate-validator-6.2.4.Final.jar;C:\Users\Eric\.m2\repository\jakarta\validation\jakarta.validation-api\2.0.2\jakarta.validation-api-2.0.2.jar;C:\Users\Eric\.m2\repository\org\springframework\boot\spring-boot-devtools\2.7.3\spring-boot-devtools-2.7.3.jar;C:\Users\Eric\.m2\repository\org\springframework\boot\spring-boot\2.7.3\spring-boot-2.7.3.jar;C:\Users\Eric\.m2\repository\org\springframework\boot\spring-boot-autoconfigure\2.7.3\spring-boot-autoconfigure-2.7.3.jar;C:\Users\Eric\.m2\repository\com\h2database\h2\2.1.214\h2-2.1.214.jar;C:\Users\Eric\.m2\repository\org\postgresql\postgresql\42.3.6\postgresql-42.3.6.jar;C:\Users\Eric\.m2\repository\org\checkerframework\checker-qual\3.5.0\checker-qual-3.5.0.jar;C:\Users\Eric\.m2\repository\org\projectlombok\lombok\1.18.24\lombok-1.18.24.jar;C:\Users\Eric\.m2\repository\org\springdoc\springdoc-openapi-ui\1.6.6\springdoc-openapi-ui-1.6.6.jar;C:\Users\Eric\.m2\repository\org\springdoc\springdoc-openapi-webmvc-core\1.6.6\springdoc-openapi-webmvc-core-1.6.6.jar;C:\Users\Eric\.m2\repository\org\springdoc\springdoc-openapi-common\1.6.6\springdoc-openapi-common-1.6.6.jar;C:\Users\Eric\.m2\repository\io\swagger\core\v3\swagger-core\2.1.12\swagger-core-2.1.12.jar;C:\Users\Eric\.m2\repository\org\apache\commons\commons-lang3\3.12.0\commons-lang3-3.12.0.jar;C:\Users\Eric\.m2\repository\com\fasterxml\jackson\dataformat\jackson-dataformat-yaml\2.13.3\jackson-dataformat-yaml-2.13.3.jar;C:\Users\Eric\.m2\repository\io\swagger\core\v3\swagger-annotations\2.1.12\swagger-annotations-2.1.12.jar;C:\Users\Eric\.m2\repository\io\swagger\core\v3\swagger-models\2.1.12\swagger-models-2.1.12.jar;C:\Users\Eric\.m2\repository\org\webjars\swagger-ui\4.5.0\swagger-ui-4.5.0.jar;C:\Users\Eric\.m2\repository\org\webjars\webjars-locator-core\0.50\webjars-locator-core-0.50.jar;C:\Users\Eric\.m2\repository\com\fasterxml\jackson\core\jackson-core\2.13.3\jackson-core-2.13.3.jar;C:\Users\Eric\.m2\repository\io\github\classgraph\classgraph\4.8.138\classgraph-4.8.138.jar;C:\Users\Eric\.m2\repository\org\springframework\boot\spring-boot-starter-web\2.7.3\spring-boot-starter-web-2.7.3.jar;C:\Users\Eric\.m2\repository\org\springframework\boot\spring-boot-starter-json\2.7.3\spring-boot-starter-json-2.7.3.jar;C:\Users\Eric\.m2\repository\com\fasterxml\jackson\datatype\jackson-datatype-jdk8\2.13.3\jackson-datatype-jdk8-2.13.3.jar;C:\Users\Eric\.m2\repository\com\fasterxml\jackson\module\jackson-module-parameter-names\2.13.3\jackson-module-parameter-names-2.13.3.jar;C:\Users\Eric\.m2\repository\org\springframework\boot\spring-boot-starter-tomcat\2.7.3\spring-boot-starter-tomcat-2.7.3.jar;C:\Users\Eric\.m2\repository\org\apache\tomcat\embed\tomcat-embed-core\9.0.65\tomcat-embed-core-9.0.65.jar;C:\Users\Eric\.m2\repository\org\apache\tomcat\embed\tomcat-embed-websocket\9.0.65\tomcat-embed-websocket-9.0.65.jar;C:\Users\Eric\.m2\repository\org\springframework\spring-web\5.3.22\spring-web-5.3.22.jar;C:\Users\Eric\.m2\repository\org\springframework\spring-webmvc\5.3.22\spring-webmvc-5.3.22.jar;C:\Users\Eric\.m2\repository\org\springframework\spring-expression\5.3.22\spring-expression-5.3.22.jar;C:\Users\Eric\.m2\repository\org\springframework\boot\spring-boot-starter-test\2.7.3\spring-boot-starter-test-2.7.3.jar;C:\Users\Eric\.m2\repository\org\springframework\boot\spring-boot-test\2.7.3\spring-boot-test-2.7.3.jar;C:\Users\Eric\.m2\repository\org\springframework\boot\spring-boot-test-autoconfigure\2.7.3\spring-boot-test-autoconfigure-2.7.3.jar;C:\Users\Eric\.m2\repository\com\jayway\jsonpath\json-path\2.7.0\json-path-2.7.0.jar;C:\Users\Eric\.m2\repository\net\minidev\json-smart\2.4.8\json-smart-2.4.8.jar;C:\Users\Eric\.m2\repository\net\minidev\accessors-smart\2.4.8\accessors-smart-2.4.8.jar;C:\Users\Eric\.m2\repository\org\ow2\asm\asm\9.1\asm-9.1.jar;C:\Users\Eric\.m2\repository\jakarta\xml\bind\jakarta.xml.bind-api\2.3.3\jakarta.xml.bind-api-2.3.3.jar;C:\Users\Eric\.m2\repository\jakarta\activation\jakarta.activation-api\1.2.2\jakarta.activation-api-1.2.2.jar;C:\Users\Eric\.m2\repository\org\assertj\assertj-core\3.22.0\assertj-core-3.22.0.jar;C:\Users\Eric\.m2\repository\org\hamcrest\hamcrest\2.2\hamcrest-2.2.jar;C:\Users\Eric\.m2\repository\org\junit\jupiter\junit-jupiter\5.8.2\junit-jupiter-5.8.2.jar;C:\Users\Eric\.m2\repository\org\junit\jupiter\junit-jupiter-api\5.8.2\junit-jupiter-api-5.8.2.jar;C:\Users\Eric\.m2\repository\org\opentest4j\opentest4j\1.2.0\opentest4j-1.2.0.jar;C:\Users\Eric\.m2\repository\org\junit\platform\junit-platform-commons\1.8.2\junit-platform-commons-1.8.2.jar;C:\Users\Eric\.m2\repository\org\apiguardian\apiguardian-api\1.1.2\apiguardian-api-1.1.2.jar;C:\Users\Eric\.m2\repository\org\junit\jupiter\junit-jupiter-params\5.8.2\junit-jupiter-params-5.8.2.jar;C:\Users\Eric\.m2\repository\org\junit\jupiter\junit-jupiter-engine\5.8.2\junit-jupiter-engine-5.8.2.jar;C:\Users\Eric\.m2\repository\org\junit\platform\junit-platform-engine\1.8.2\junit-platform-engine-1.8.2.jar;C:\Users\Eric\.m2\repository\org\mockito\mockito-core\4.5.1\mockito-core-4.5.1.jar;C:\Users\Eric\.m2\repository\net\bytebuddy\byte-buddy-agent\1.12.13\byte-buddy-agent-1.12.13.jar;C:\Users\Eric\.m2\repository\org\objenesis\objenesis\3.2\objenesis-3.2.jar;C:\Users\Eric\.m2\repository\org\mockito\mockito-junit-jupiter\4.5.1\mockito-junit-jupiter-4.5.1.jar;C:\Users\Eric\.m2\repository\org\skyscreamer\jsonassert\1.5.1\jsonassert-1.5.1.jar;C:\Users\Eric\.m2\repository\com\vaadin\external\google\android-json\0.0.20131108.vaadin1\android-json-0.0.20131108.vaadin1.jar;C:\Users\Eric\.m2\repository\org\springframework\spring-core\5.3.22\spring-core-5.3.22.jar;C:\Users\Eric\.m2\repository\org\springframework\spring-jcl\5.3.22\spring-jcl-5.3.22.jar;C:\Users\Eric\.m2\repository\org\springframework\spring-test\5.3.22\spring-test-5.3.22.jar;C:\Users\Eric\.m2\repository\org\xmlunit\xmlunit-core\2.9.0\xmlunit-core-2.9.0.jar;C:\Users\Eric\.m2\repository\org\junit\platform\junit-platform-launcher\1.8.2\junit-platform-launcher-1.8.2.jar;C:\Users\Eric\Documents\eclipse2022-06\eclipse\configuration\org.eclipse.osgi\406\0\.cp;C:\Users\Eric\Documents\eclipse2022-06\eclipse\configuration\org.eclipse.osgi\404\0\.cp
Launcher Type: SUN_STANDARD

[Global flags]
     intx CICompilerCount                          = 3                                         {product} {ergonomic}
     uint ConcGCThreads                            = 1                                         {product} {ergonomic}
     uint G1ConcRefinementThreads                  = 4                                         {product} {ergonomic}
   size_t G1HeapRegionSize                         = 2097152                                   {product} {ergonomic}
    uintx GCDrainStackTargetSize                   = 64                                        {product} {ergonomic}
   size_t InitialHeapSize                          = 199229440                                 {product} {ergonomic}
   size_t MarkStackSize                            = 4194304                                   {product} {ergonomic}
   size_t MaxHeapSize                              = 3179282432                                {product} {ergonomic}
   size_t MaxNewSize                               = 1906311168                                {product} {ergonomic}
   size_t MinHeapDeltaBytes                        = 2097152                                   {product} {ergonomic}
   size_t MinHeapSize                              = 8388608                                   {product} {ergonomic}
    uintx NonNMethodCodeHeapSize                   = 5832780                                {pd product} {ergonomic}
    uintx NonProfiledCodeHeapSize                  = 122912730                              {pd product} {ergonomic}
    uintx ProfiledCodeHeapSize                     = 122912730                              {pd product} {ergonomic}
    uintx ReservedCodeCacheSize                    = 251658240                              {pd product} {ergonomic}
     bool SegmentedCodeCache                       = true                                      {product} {ergonomic}
     bool ShowCodeDetailsInExceptionMessages       = true                                   {manageable} {command line}
   size_t SoftMaxHeapSize                          = 3179282432                             {manageable} {ergonomic}
     bool UseCompressedClassPointers               = true                           {product lp64_product} {ergonomic}
     bool UseCompressedOops                        = true                           {product lp64_product} {ergonomic}
     bool UseG1GC                                  = true                                      {product} {ergonomic}
     bool UseLargePagesIndividualAllocation        = false                                  {pd product} {ergonomic}

Logging:
Log output configuration:
 #0: stdout all=warning uptime,level,tags foldmultilines=false
 #1: stderr all=off uptime,level,tags foldmultilines=false

Environment Variables:
PATH=C:/Users/Eric/.p2/pool/plugins/org.eclipse.justj.openjdk.hotspot.jre.full.win32.x86_64_11.0.15.v20220515-1236/jre/bin/server;C:/Users/Eric/.p2/pool/plugins/org.eclipse.justj.openjdk.hotspot.jre.full.win32.x86_64_11.0.15.v20220515-1236/jre/bin;C:\Program Files\Common Files\Oracle\Java\javapath;C:\Program Files (x86)\Common Files\Oracle\Java\javapath;C:\Program Files (x86)\Intel\iCLS Client\;C:\ProgramData\Oracle\Java\javapath;C:\Program Files\Intel\iCLS Client\;C:\windows\system32;C:\windows;C:\windows\System32\Wbem;C:\windows\System32\WindowsPowerShell\v1.0\;C:\WINDOWS\system32;C:\WINDOWS;C:\WINDOWS\System32\Wbem;C:\WINDOWS\System32\WindowsPowerShell\v1.0\;C:\Program Files (x86)\Windows Live\Shared;C:\Program Files (x86)\NVIDIA Corporation\PhysX\Common;C:\Program Files\Actiona;C:\Program Files (x86)\Intel\Intel(R) Management Engine Components\DAL;C:\Program Files\Intel\Intel(R) Management Engine Components\DAL;C:\Program Files (x86)\Intel\Intel(R) Management Engine Components\IPT;C:\Program Files\Intel\Intel(R) Management Engine Components\IPT;C:\WINDOWS\System32\OpenSSH\;C:\Program Files (x86)\ZeroTier\One\;C:\Program Files\NVIDIA Corporation\NVIDIA NvDLISR;C:\WINDOWS\system32;C:\WINDOWS;C:\WINDOWS\System32\Wbem;C:\WINDOWS\System32\WindowsPowerShell\v1.0\;C:\WINDOWS\System32\OpenSSH\;C:\Program Files\PostgreSQL\14\bin;C:\Program Files\MongoDB\Tools\100\bin;C:\Program Files\nvm;C:\Program Files\nodejs;C:\Users\Eric\AppData\Local\Microsoft\WindowsApps;C:\Users\Eric\AppData\Local\Programs\Microsoft VS Code\bin;C:\Users\Eric\AppData\Local\Programs\Git\cmd;C:\Program Files\PostgreSQL\14\bin;C:\Users\Eric\AppData\Local\Programs\mongosh\;C:\Program Files\MongoDB\Tools\100\bin;C:\Program Files\nvm;C:\Program Files\nodejs;C:\Users\Eric\Documents\eclipse2022-06\eclipse;
USERNAME=Eric
OS=Windows_NT
PROCESSOR_IDENTIFIER=Intel64 Family 6 Model 94 Stepping 3, GenuineIntel



---------------  S Y S T E M  ---------------

OS:
 Windows 10 , 64 bit Build 19041 (10.0.19041.1889)
OS uptime: 0 days 4:15 hours

CPU: total 4 (initial active 4) (4 cores per cpu, 1 threads per core) family 6 model 94 stepping 3 microcode 0xcc, cx8, cmov, fxsr, mmx, 3dnowpref, sse, sse2, sse3, ssse3, sse4.1, sse4.2, popcnt, lzcnt, tsc, tscinvbit, avx, avx2, aes, erms, clmul, bmi1, bmi2, rtm, adx, fma, vzeroupper, clflush, clflushopt

Memory: 4k page, system-wide physical 12126M (3574M free)
TotalPageFile size 14175M (AvailPageFile size 7M)
current process WorkingSet (physical memory assigned to process): 82M, peak: 82M
current process commit charge ("private bytes"): 290M, peak: 290M

vm_info: Java HotSpot(TM) 64-Bit Server VM (18.0.1.1+2-6) for windows-amd64 JRE (18.0.1.1+2-6), built on Apr 25 2022 21:53:15 by "mach5one" with MS VC++ 16.8 / 16.9 (VS2019)

END.
